# JRE version: Java(TM) SE Runtime Environment (17.0.10+11) (build 17.0.10+11-LTS-240)
# Java VM: Java HotSpot(TM) 64-Bit Server VM (17.0.10+11-LTS-240, mixed mode, sharing, tiered, compressed oops, compressed class ptrs, g1 gc, windows-amd64)
GC Precious Log:
 CPUs: 8 total, 8 available
 Memory: 8059M
 Large Page Support: Disabled
 NUMA Support: Disabled
 Compressed Oops: Enabled (32-bit)
 Heap Region Size: 1M
 Heap Min Capacity: 8M
 Heap Initial Capacity: 126M
 Heap Max Capacity: 2016M
 Pre-touch: Disabled
 Parallel Workers: 8
 Concurrent Workers: 2
 Concurrent Refinement Workers: 8
 Periodic GC: Disabled
Heap:
 garbage-first heap   total 89088K, used 63387K [0x0000000082000000, 0x0000000100000000)
  region size 1024K, 25 young (25600K), 3 survivors (3072K)
 Metaspace       used 81913K, committed 82688K, reserved 1179648K
  class space    used 11232K, committed 11584K, reserved 1048576K
GC Heap History (20 events):
Event: 10.252 GC heap before
{Heap before GC invocations=19 (full 0):
 garbage-first heap   total 61440K, used 50327K [0x0000000082000000, 0x0000000100000000)
  region size 1024K, 23 young (23552K), 3 survivors (3072K)
 Metaspace       used 66844K, committed 67392K, reserved 1114112K
  class space    used 9118K, committed 9408K, reserved 1048576K
}
Event: 10.257 GC heap after
{Heap after GC invocations=20 (full 0):
 garbage-first heap   total 61440K, used 31710K [0x0000000082000000, 0x0000000100000000)
  region size 1024K, 2 young (2048K), 2 survivors (2048K)
 Metaspace       used 66844K, committed 67392K, reserved 1114112K
  class space    used 9118K, committed 9408K, reserved 1048576K
}
Event: 10.435 GC heap before
{Heap before GC invocations=20 (full 0):
 garbage-first heap   total 61440K, used 50142K [0x0000000082000000, 0x0000000100000000)
  region size 1024K, 20 young (20480K), 2 survivors (2048K)
 Metaspace       used 68728K, committed 69312K, reserved 1114112K
  class space    used 9484K, committed 9728K, reserved 1048576K
}
Event: 10.439 GC heap after
{Heap after GC invocations=21 (full 0):
 garbage-first heap   total 61440K, used 33266K [0x0000000082000000, 0x0000000100000000)
  region size 1024K, 2 young (2048K), 2 survivors (2048K)
 Metaspace       used 68728K, committed 69312K, reserved 1114112K
  class space    used 9484K, committed 9728K, reserved 1048576K
}
Event: 10.756 GC heap before
{Heap before GC invocations=22 (full 0):
 garbage-first heap   total 65536K, used 49650K [0x0000000082000000, 0x0000000100000000)
  region size 1024K, 19 young (19456K), 2 survivors (2048K)
 Metaspace       used 70265K, committed 70784K, reserved 1114112K
  class space    used 9674K, committed 9920K, reserved 1048576K
}
Event: 10.759 GC heap after
{Heap after GC invocations=23 (full 0):
 garbage-first heap   total 65536K, used 34189K [0x0000000082000000, 0x0000000100000000)
  region size 1024K, 3 young (3072K), 3 survivors (3072K)
 Metaspace       used 70265K, committed 70784K, reserved 1114112K
  class space    used 9674K, committed 9920K, reserved 1048576K
}
Event: 10.935 GC heap before
{Heap before GC invocations=23 (full 0):
 garbage-first heap   total 65536K, used 52621K [0x0000000082000000, 0x0000000100000000)
  region size 1024K, 21 young (21504K), 3 survivors (3072K)
 Metaspace       used 71573K, committed 72192K, reserved 1114112K
  class space    used 9844K, committed 10112K, reserved 1048576K
}
Event: 10.939 GC heap after
{Heap after GC invocations=24 (full 0):
 garbage-first heap   total 65536K, used 35305K [0x0000000082000000, 0x0000000100000000)
  region size 1024K, 3 young (3072K), 3 survivors (3072K)
 Metaspace       used 71573K, committed 72192K, reserved 1114112K
  class space    used 9844K, committed 10112K, reserved 1048576K
}
Event: 11.201 GC heap before
{Heap before GC invocations=25 (full 0):
 garbage-first heap   total 65536K, used 52713K [0x0000000082000000, 0x0000000100000000)
  region size 1024K, 20 young (20480K), 3 survivors (3072K)
 Metaspace       used 73166K, committed 73728K, reserved 1114112K
  class space    used 10065K, committed 10304K, reserved 1048576K
}
Event: 11.204 GC heap after
{Heap after GC invocations=26 (full 0):
 garbage-first heap   total 65536K, used 36648K [0x0000000082000000, 0x0000000100000000)
  region size 1024K, 3 young (3072K), 3 survivors (3072K)
 Metaspace       used 73166K, committed 73728K, reserved 1114112K
  class space    used 10065K, committed 10304K, reserved 1048576K
}
Event: 11.401 GC heap before
{Heap before GC invocations=26 (full 0):
 garbage-first heap   total 65536K, used 53032K [0x0000000082000000, 0x0000000100000000)
  region size 1024K, 19 young (19456K), 3 survivors (3072K)
 Metaspace       used 73971K, committed 74496K, reserved 1114112K
  class space    used 10191K, committed 10432K, reserved 1048576K
}
Event: 11.405 GC heap after
{Heap after GC invocations=27 (full 0):
 garbage-first heap   total 65536K, used 37832K [0x0000000082000000, 0x0000000100000000)
  region size 1024K, 3 young (3072K), 3 survivors (3072K)
 Metaspace       used 73971K, committed 74496K, reserved 1114112K
  class space    used 10191K, committed 10432K, reserved 1048576K
}
Event: 11.648 GC heap before
{Heap before GC invocations=28 (full 0):
 garbage-first heap   total 70656K, used 52168K [0x0000000082000000, 0x0000000100000000)
  region size 1024K, 18 young (18432K), 3 survivors (3072K)
 Metaspace       used 74575K, committed 75200K, reserved 1114112K
  class space    used 10277K, committed 10560K, reserved 1048576K
}
Event: 11.652 GC heap after
{Heap after GC invocations=29 (full 0):
 garbage-first heap   total 70656K, used 38724K [0x0000000082000000, 0x0000000100000000)
  region size 1024K, 3 young (3072K), 3 survivors (3072K)
 Metaspace       used 74575K, committed 75200K, reserved 1114112K
  class space    used 10277K, committed 10560K, reserved 1048576K
}
Event: 11.901 GC heap before
{Heap before GC invocations=29 (full 0):
 garbage-first heap   total 70656K, used 58180K [0x0000000082000000, 0x0000000100000000)
  region size 1024K, 22 young (22528K), 3 survivors (3072K)
 Metaspace       used 75976K, committed 76544K, reserved 1179648K
  class space    used 10447K, committed 10688K, reserved 1048576K
}
Event: 11.905 GC heap after
{Heap after GC invocations=30 (full 0):
 garbage-first heap   total 70656K, used 40645K [0x0000000082000000, 0x0000000100000000)
  region size 1024K, 3 young (3072K), 3 survivors (3072K)
 Metaspace       used 75976K, committed 76544K, reserved 1179648K
  class space    used 10447K, committed 10688K, reserved 1048576K
}
Event: 12.113 GC heap before
{Heap before GC invocations=31 (full 0):
 garbage-first heap   total 73728K, used 59077K [0x0000000082000000, 0x0000000100000000)
  region size 1024K, 21 young (21504K), 3 survivors (3072K)
 Metaspace       used 76787K, committed 77376K, reserved 1179648K
  class space    used 10569K, committed 10880K, reserved 1048576K
}
Event: 12.117 GC heap after
{Heap after GC invocations=32 (full 0):
 garbage-first heap   total 73728K, used 41827K [0x0000000082000000, 0x0000000100000000)
  region size 1024K, 2 young (2048K), 2 survivors (2048K)
 Metaspace       used 76787K, committed 77376K, reserved 1179648K
  class space    used 10569K, committed 10880K, reserved 1048576K
}
Event: 13.273 GC heap before
{Heap before GC invocations=32 (full 0):
 garbage-first heap   total 73728K, used 60259K [0x0000000082000000, 0x0000000100000000)
  region size 1024K, 20 young (20480K), 2 survivors (2048K)
 Metaspace       used 78256K, committed 78912K, reserved 1179648K
  class space    used 10794K, committed 11136K, reserved 1048576K
}
Event: 13.277 GC heap after
{Heap after GC invocations=33 (full 0):
 garbage-first heap   total 89088K, used 42907K [0x0000000082000000, 0x0000000100000000)
  region size 1024K, 3 young (3072K), 3 survivors (3072K)
 Metaspace       used 78256K, committed 78912K, reserved 1179648K
  class space    used 10794K, committed 11136K, reserved 1048576K
}

