# JRE version: OpenJDK Runtime Environment Temurin-17.0.11+9 (17.0.11+9) (build 17.0.11+9)
# Java VM: OpenJDK 64-Bit Server VM Temurin-17.0.11+9 (17.0.11+9, mixed mode, emulated-client, tiered, compressed oops, compressed class ptrs, g1 gc, windows-amd64)
GC Precious Log:
 CPUs: 8 total, 8 available
 Memory: 8059M
 Large Page Support: Disabled
 NUMA Support: Disabled
 Compressed Oops: Enabled (32-bit)
 Heap Region Size: 1M
 Heap Min Capacity: 8M
 Heap Initial Capacity: 126M
 Heap Max Capacity: 1G
 Pre-touch: Disabled
 Parallel Workers: 8
 Concurrent Workers: 2
 Concurrent Refinement Workers: 8
 Periodic GC: Disabled
Heap:
 garbage-first heap   total 137216K, used 41004K [0x00000000c0000000, 0x0000000100000000)
  region size 1024K, 1 young (1024K), 0 survivors (0K)
 Metaspace       used 63306K, committed 64064K, reserved 1114112K
  class space    used 7994K, committed 8320K, reserved 1048576K
GC Heap History (20 events):
Event: 12602.694 GC heap before
{Heap before GC invocations=1143 (full 1040):
 garbage-first heap   total 137216K, used 41016K [0x00000000c0000000, 0x0000000100000000)
  region size 1024K, 1 young (1024K), 0 survivors (0K)
 Metaspace       used 63316K, committed 64064K, reserved 1114112K
  class space    used 7995K, committed 8320K, reserved 1048576K
}
Event: 12602.757 GC heap after
{Heap after GC invocations=1144 (full 1041):
 garbage-first heap   total 137216K, used 41016K [0x00000000c0000000, 0x0000000100000000)
  region size 1024K, 0 young (0K), 0 survivors (0K)
 Metaspace       used 63316K, committed 64064K, reserved 1114112K
  class space    used 7995K, committed 8320K, reserved 1048576K
}
Event: 12613.195 GC heap before
{Heap before GC invocations=1144 (full 1041):
 garbage-first heap   total 137216K, used 41016K [0x00000000c0000000, 0x0000000100000000)
  region size 1024K, 1 young (1024K), 0 survivors (0K)
 Metaspace       used 63316K, committed 64064K, reserved 1114112K
  class space    used 7995K, committed 8320K, reserved 1048576K
}
Event: 12613.238 GC heap after
{Heap after GC invocations=1145 (full 1042):
 garbage-first heap   total 137216K, used 41016K [0x00000000c0000000, 0x0000000100000000)
  region size 1024K, 0 young (0K), 0 survivors (0K)
 Metaspace       used 63316K, committed 64064K, reserved 1114112K
  class space    used 7995K, committed 8320K, reserved 1048576K
}
Event: 12623.641 GC heap before
{Heap before GC invocations=1145 (full 1042):
 garbage-first heap   total 137216K, used 41016K [0x00000000c0000000, 0x0000000100000000)
  region size 1024K, 1 young (1024K), 0 survivors (0K)
 Metaspace       used 63316K, committed 64064K, reserved 1114112K
  class space    used 7995K, committed 8320K, reserved 1048576K
}
Event: 12624.320 GC heap after
{Heap after GC invocations=1146 (full 1043):
 garbage-first heap   total 137216K, used 41004K [0x00000000c0000000, 0x0000000100000000)
  region size 1024K, 0 young (0K), 0 survivors (0K)
 Metaspace       used 63306K, committed 64064K, reserved 1114112K
  class space    used 7994K, committed 8320K, reserved 1048576K
}
Event: 12634.752 GC heap before
{Heap before GC invocations=1146 (full 1043):
 garbage-first heap   total 137216K, used 41004K [0x00000000c0000000, 0x0000000100000000)
  region size 1024K, 1 young (1024K), 0 survivors (0K)
 Metaspace       used 63306K, committed 64064K, reserved 1114112K
  class space    used 7994K, committed 8320K, reserved 1048576K
}
Event: 12634.805 GC heap after
{Heap after GC invocations=1147 (full 1044):
 garbage-first heap   total 137216K, used 41004K [0x00000000c0000000, 0x0000000100000000)
  region size 1024K, 0 young (0K), 0 survivors (0K)
 Metaspace       used 63306K, committed 64064K, reserved 1114112K
  class space    used 7994K, committed 8320K, reserved 1048576K
}
Event: 12645.431 GC heap before
{Heap before GC invocations=1147 (full 1044):
 garbage-first heap   total 137216K, used 41004K [0x00000000c0000000, 0x0000000100000000)
  region size 1024K, 1 young (1024K), 0 survivors (0K)
 Metaspace       used 63306K, committed 64064K, reserved 1114112K
  class space    used 7994K, committed 8320K, reserved 1048576K
}
Event: 12645.504 GC heap after
{Heap after GC invocations=1148 (full 1045):
 garbage-first heap   total 137216K, used 41004K [0x00000000c0000000, 0x0000000100000000)
  region size 1024K, 0 young (0K), 0 survivors (0K)
 Metaspace       used 63306K, committed 64064K, reserved 1114112K
  class space    used 7994K, committed 8320K, reserved 1048576K
}
Event: 12656.001 GC heap before
{Heap before GC invocations=1148 (full 1045):
 garbage-first heap   total 137216K, used 41004K [0x00000000c0000000, 0x0000000100000000)
  region size 1024K, 1 young (1024K), 0 survivors (0K)
 Metaspace       used 63306K, committed 64064K, reserved 1114112K
  class space    used 7994K, committed 8320K, reserved 1048576K
}
Event: 12656.059 GC heap after
{Heap after GC invocations=1149 (full 1046):
 garbage-first heap   total 137216K, used 41004K [0x00000000c0000000, 0x0000000100000000)
  region size 1024K, 0 young (0K), 0 survivors (0K)
 Metaspace       used 63306K, committed 64064K, reserved 1114112K
  class space    used 7994K, committed 8320K, reserved 1048576K
}
Event: 12666.519 GC heap before
{Heap before GC invocations=1149 (full 1046):
 garbage-first heap   total 137216K, used 41004K [0x00000000c0000000, 0x0000000100000000)
  region size 1024K, 1 young (1024K), 0 survivors (0K)
 Metaspace       used 63306K, committed 64064K, reserved 1114112K
  class space    used 7994K, committed 8320K, reserved 1048576K
}
Event: 12666.620 GC heap after
{Heap after GC invocations=1150 (full 1047):
 garbage-first heap   total 137216K, used 41004K [0x00000000c0000000, 0x0000000100000000)
  region size 1024K, 0 young (0K), 0 survivors (0K)
 Metaspace       used 63306K, committed 64064K, reserved 1114112K
  class space    used 7994K, committed 8320K, reserved 1048576K
}
Event: 12677.126 GC heap before
{Heap before GC invocations=1150 (full 1047):
 garbage-first heap   total 137216K, used 41004K [0x00000000c0000000, 0x0000000100000000)
  region size 1024K, 1 young (1024K), 0 survivors (0K)
 Metaspace       used 63306K, committed 64064K, reserved 1114112K
  class space    used 7994K, committed 8320K, reserved 1048576K
}
Event: 12677.185 GC heap after
{Heap after GC invocations=1151 (full 1048):
 garbage-first heap   total 137216K, used 41004K [0x00000000c0000000, 0x0000000100000000)
  region size 1024K, 0 young (0K), 0 survivors (0K)
 Metaspace       used 63306K, committed 64064K, reserved 1114112K
  class space    used 7994K, committed 8320K, reserved 1048576K
}
Event: 12687.632 GC heap before
{Heap before GC invocations=1151 (full 1048):
 garbage-first heap   total 137216K, used 41004K [0x00000000c0000000, 0x0000000100000000)
  region size 1024K, 1 young (1024K), 0 survivors (0K)
 Metaspace       used 63306K, committed 64064K, reserved 1114112K
  class space    used 7994K, committed 8320K, reserved 1048576K
}
Event: 12687.750 GC heap after
{Heap after GC invocations=1152 (full 1049):
 garbage-first heap   total 137216K, used 41004K [0x00000000c0000000, 0x0000000100000000)
  region size 1024K, 0 young (0K), 0 survivors (0K)
 Metaspace       used 63306K, committed 64064K, reserved 1114112K
  class space    used 7994K, committed 8320K, reserved 1048576K
}
Event: 12708.360 GC heap before
{Heap before GC invocations=1152 (full 1049):
 garbage-first heap   total 137216K, used 41004K [0x00000000c0000000, 0x0000000100000000)
  region size 1024K, 1 young (1024K), 0 survivors (0K)
 Metaspace       used 63306K, committed 64064K, reserved 1114112K
  class space    used 7994K, committed 8320K, reserved 1048576K
}
Event: 12708.584 GC heap after
{Heap after GC invocations=1153 (full 1050):
 garbage-first heap   total 137216K, used 41004K [0x00000000c0000000, 0x0000000100000000)
  region size 1024K, 0 young (0K), 0 survivors (0K)
 Metaspace       used 63306K, committed 64064K, reserved 1114112K
  class space    used 7994K, committed 8320K, reserved 1048576K
}

