# JRE version: Java(TM) SE Runtime Environment (17.0.10+11) (build 17.0.10+11-LTS-240)
# Java VM: Java HotSpot(TM) 64-Bit Server VM (17.0.10+11-LTS-240, mixed mode, sharing, tiered, compressed oops, compressed class ptrs, g1 gc, windows-amd64)
GC Precious Log:
 CPUs: 8 total, 8 available
 Memory: 8059M
 Large Page Support: Disabled
 NUMA Support: Disabled
 Compressed Oops: Enabled (32-bit)
 Heap Region Size: 1M
 Heap Min Capacity: 8M
 Heap Initial Capacity: 126M
 Heap Max Capacity: 2016M
 Pre-touch: Disabled
 Parallel Workers: 8
 Concurrent Workers: 2
 Concurrent Refinement Workers: 8
 Periodic GC: Disabled
Heap:
 garbage-first heap   total 81920K, used 56284K [0x0000000082000000, 0x0000000100000000)
  region size 1024K, 32 young (32768K), 3 survivors (3072K)
 Metaspace       used 63712K, committed 64320K, reserved 1114112K
  class space    used 8663K, committed 8960K, reserved 1048576K
GC Heap History (20 events):
Event: 2.305 GC heap before
{Heap before GC invocations=5 (full 0):
 garbage-first heap   total 55296K, used 17010K [0x0000000082000000, 0x0000000100000000)
  region size 1024K, 7 young (7168K), 6 survivors (6144K)
 Metaspace       used 23424K, committed 23744K, reserved 1114112K
  class space    used 2873K, committed 3008K, reserved 1048576K
}
Event: 2.312 GC heap after
{Heap after GC invocations=6 (full 0):
 garbage-first heap   total 55296K, used 16384K [0x0000000082000000, 0x0000000100000000)
  region size 1024K, 1 young (1024K), 1 survivors (1024K)
 Metaspace       used 23424K, committed 23744K, reserved 1114112K
  class space    used 2873K, committed 3008K, reserved 1048576K
}
Event: 2.813 GC heap before
{Heap before GC invocations=6 (full 0):
 garbage-first heap   total 55296K, used 37888K [0x0000000082000000, 0x0000000100000000)
  region size 1024K, 22 young (22528K), 1 survivors (1024K)
 Metaspace       used 25887K, committed 26176K, reserved 1114112K
  class space    used 3207K, committed 3328K, reserved 1048576K
}
Event: 2.818 GC heap after
{Heap after GC invocations=7 (full 0):
 garbage-first heap   total 55296K, used 17241K [0x0000000082000000, 0x0000000100000000)
  region size 1024K, 2 young (2048K), 2 survivors (2048K)
 Metaspace       used 25887K, committed 26176K, reserved 1114112K
  class space    used 3207K, committed 3328K, reserved 1048576K
}
Event: 3.366 GC heap before
{Heap before GC invocations=7 (full 0):
 garbage-first heap   total 55296K, used 38745K [0x0000000082000000, 0x0000000100000000)
  region size 1024K, 23 young (23552K), 2 survivors (2048K)
 Metaspace       used 29014K, committed 29376K, reserved 1114112K
  class space    used 3667K, committed 3840K, reserved 1048576K
}
Event: 3.372 GC heap after
{Heap after GC invocations=8 (full 0):
 garbage-first heap   total 55296K, used 19304K [0x0000000082000000, 0x0000000100000000)
  region size 1024K, 3 young (3072K), 3 survivors (3072K)
 Metaspace       used 29014K, committed 29376K, reserved 1114112K
  class space    used 3667K, committed 3840K, reserved 1048576K
}
Event: 3.804 GC heap before
{Heap before GC invocations=8 (full 0):
 garbage-first heap   total 55296K, used 38760K [0x0000000082000000, 0x0000000100000000)
  region size 1024K, 22 young (22528K), 3 survivors (3072K)
 Metaspace       used 32791K, committed 33216K, reserved 1114112K
  class space    used 4168K, committed 4352K, reserved 1048576K
}
Event: 3.811 GC heap after
{Heap after GC invocations=9 (full 0):
 garbage-first heap   total 55296K, used 20760K [0x0000000082000000, 0x0000000100000000)
  region size 1024K, 2 young (2048K), 2 survivors (2048K)
 Metaspace       used 32791K, committed 33216K, reserved 1114112K
  class space    used 4168K, committed 4352K, reserved 1048576K
}
Event: 4.239 GC heap before
{Heap before GC invocations=9 (full 0):
 garbage-first heap   total 55296K, used 40216K [0x0000000082000000, 0x0000000100000000)
  region size 1024K, 21 young (21504K), 2 survivors (2048K)
 Metaspace       used 35326K, committed 35776K, reserved 1114112K
  class space    used 4449K, committed 4672K, reserved 1048576K
}
Event: 4.247 GC heap after
{Heap after GC invocations=10 (full 0):
 garbage-first heap   total 103424K, used 22107K [0x0000000082000000, 0x0000000100000000)
  region size 1024K, 3 young (3072K), 3 survivors (3072K)
 Metaspace       used 35326K, committed 35776K, reserved 1114112K
  class space    used 4449K, committed 4672K, reserved 1048576K
}
Event: 4.413 GC heap before
{Heap before GC invocations=10 (full 0):
 garbage-first heap   total 103424K, used 28251K [0x0000000082000000, 0x0000000100000000)
  region size 1024K, 10 young (10240K), 3 survivors (3072K)
 Metaspace       used 35654K, committed 36096K, reserved 1114112K
  class space    used 4512K, committed 4736K, reserved 1048576K
}
Event: 4.420 GC heap after
{Heap after GC invocations=11 (full 0):
 garbage-first heap   total 103424K, used 22431K [0x0000000082000000, 0x0000000100000000)
  region size 1024K, 4 young (4096K), 4 survivors (4096K)
 Metaspace       used 35654K, committed 36096K, reserved 1114112K
  class space    used 4512K, committed 4736K, reserved 1048576K
}
Event: 5.655 GC heap before
{Heap before GC invocations=12 (full 0):
 garbage-first heap   total 81920K, used 67487K [0x0000000082000000, 0x0000000100000000)
  region size 1024K, 48 young (49152K), 4 survivors (4096K)
 Metaspace       used 45356K, committed 45824K, reserved 1114112K
  class space    used 5894K, committed 6080K, reserved 1048576K
}
Event: 5.658 GC heap after
{Heap after GC invocations=13 (full 0):
 garbage-first heap   total 81920K, used 24880K [0x0000000082000000, 0x0000000100000000)
  region size 1024K, 5 young (5120K), 5 survivors (5120K)
 Metaspace       used 45356K, committed 45824K, reserved 1114112K
  class space    used 5894K, committed 6080K, reserved 1048576K
}
Event: 5.678 GC heap before
{Heap before GC invocations=13 (full 0):
 garbage-first heap   total 81920K, used 25904K [0x0000000082000000, 0x0000000100000000)
  region size 1024K, 6 young (6144K), 5 survivors (5120K)
 Metaspace       used 45525K, committed 46016K, reserved 1114112K
  class space    used 5923K, committed 6144K, reserved 1048576K
}
Event: 5.682 GC heap after
{Heap after GC invocations=14 (full 0):
 garbage-first heap   total 81920K, used 25315K [0x0000000082000000, 0x0000000100000000)
  region size 1024K, 1 young (1024K), 1 survivors (1024K)
 Metaspace       used 45525K, committed 46016K, reserved 1114112K
  class space    used 5923K, committed 6144K, reserved 1048576K
}
Event: 6.523 GC heap before
{Heap before GC invocations=14 (full 0):
 garbage-first heap   total 81920K, used 63203K [0x0000000082000000, 0x0000000100000000)
  region size 1024K, 39 young (39936K), 1 survivors (1024K)
 Metaspace       used 55546K, committed 56064K, reserved 1114112K
  class space    used 7416K, committed 7680K, reserved 1048576K
}
Event: 6.525 GC heap after
{Heap after GC invocations=15 (full 0):
 garbage-first heap   total 81920K, used 26825K [0x0000000082000000, 0x0000000100000000)
  region size 1024K, 3 young (3072K), 3 survivors (3072K)
 Metaspace       used 55546K, committed 56064K, reserved 1114112K
  class space    used 7416K, committed 7680K, reserved 1048576K
}
Event: 6.926 GC heap before
{Heap before GC invocations=15 (full 0):
 garbage-first heap   total 81920K, used 48329K [0x0000000082000000, 0x0000000100000000)
  region size 1024K, 25 young (25600K), 3 survivors (3072K)
 Metaspace       used 59888K, committed 60416K, reserved 1114112K
  class space    used 8096K, committed 8384K, reserved 1048576K
}
Event: 6.929 GC heap after
{Heap after GC invocations=16 (full 0):
 garbage-first heap   total 81920K, used 27612K [0x0000000082000000, 0x0000000100000000)
  region size 1024K, 3 young (3072K), 3 survivors (3072K)
 Metaspace       used 59888K, committed 60416K, reserved 1114112K
  class space    used 8096K, committed 8384K, reserved 1048576K
}

