# JRE version: OpenJDK Runtime Environment Temurin-17.0.11+9 (17.0.11+9) (build 17.0.11+9)
# Java VM: OpenJDK 64-Bit Server VM Temurin-17.0.11+9 (17.0.11+9, mixed mode, tiered, compressed oops, compressed class ptrs, parallel gc, windows-amd64)
GC Precious Log:
 CPUs: 8 total, 8 available
 Memory: 8059M
 Large Page Support: Disabled
 NUMA Support: Disabled
 Compressed Oops: Enabled (32-bit)
 Alignments: Space 512K, Generation 512K, Heap 2M
 Heap Min Capacity: 100M
 Heap Initial Capacity: 100M
 Heap Max Capacity: 1G
 Pre-touch: Disabled
 Parallel Workers: 8
Heap:
 PSYoungGen      total 7680K, used 4448K [0x00000000eab00000, 0x00000000eb400000, 0x0000000100000000)
  eden space 7168K, 54% used [0x00000000eab00000,0x00000000eaed8390,0x00000000eb200000)
  from space 512K, 100% used [0x00000000eb380000,0x00000000eb400000,0x00000000eb400000)
  to   space 1024K, 0% used [0x00000000eb280000,0x00000000eb280000,0x00000000eb380000)
 ParOldGen       total 130048K, used 114732K [0x00000000c0000000, 0x00000000c7f00000, 0x00000000eab00000)
  object space 130048K, 88% used [0x00000000c0000000,0x00000000c700b1b8,0x00000000c7f00000)
 Metaspace       used 87814K, committed 89152K, reserved 1179648K
  class space    used 9079K, committed 9664K, reserved 1048576K
GC Heap History (20 events):
Event: 5205.418 GC heap before
{Heap before GC invocations=497 (full 13):
 PSYoungGen      total 5632K, used 5600K [0x00000000eab00000, 0x00000000eb180000, 0x0000000100000000)
  eden space 5120K, 100% used [0x00000000eab00000,0x00000000eb000000,0x00000000eb000000)
  from space 512K, 93% used [0x00000000eb000000,0x00000000eb078000,0x00000000eb080000)
  to   space 512K, 0% used [0x00000000eb100000,0x00000000eb100000,0x00000000eb180000)
 ParOldGen       total 125440K, used 123047K [0x00000000c0000000, 0x00000000c7a80000, 0x00000000eab00000)
  object space 125440K, 98% used [0x00000000c0000000,0x00000000c7829d50,0x00000000c7a80000)
 Metaspace       used 87888K, committed 89152K, reserved 1179648K
  class space    used 9108K, committed 9664K, reserved 1048576K
}
Event: 5205.421 GC heap after
{Heap after GC invocations=497 (full 13):
 PSYoungGen      total 5120K, used 496K [0x00000000eab00000, 0x00000000eb400000, 0x0000000100000000)
  eden space 4608K, 0% used [0x00000000eab00000,0x00000000eab00000,0x00000000eaf80000)
  from space 512K, 96% used [0x00000000eb100000,0x00000000eb17c010,0x00000000eb180000)
  to   space 1536K, 0% used [0x00000000eaf80000,0x00000000eaf80000,0x00000000eb100000)
 ParOldGen       total 125440K, used 123511K [0x00000000c0000000, 0x00000000c7a80000, 0x00000000eab00000)
  object space 125440K, 98% used [0x00000000c0000000,0x00000000c789ddb0,0x00000000c7a80000)
 Metaspace       used 87888K, committed 89152K, reserved 1179648K
  class space    used 9108K, committed 9664K, reserved 1048576K
}
Event: 5205.462 GC heap before
{Heap before GC invocations=498 (full 13):
 PSYoungGen      total 5120K, used 5104K [0x00000000eab00000, 0x00000000eb400000, 0x0000000100000000)
  eden space 4608K, 100% used [0x00000000eab00000,0x00000000eaf80000,0x00000000eaf80000)
  from space 512K, 96% used [0x00000000eb100000,0x00000000eb17c010,0x00000000eb180000)
  to   space 1536K, 0% used [0x00000000eaf80000,0x00000000eaf80000,0x00000000eb100000)
 ParOldGen       total 125440K, used 123511K [0x00000000c0000000, 0x00000000c7a80000, 0x00000000eab00000)
  object space 125440K, 98% used [0x00000000c0000000,0x00000000c789ddb0,0x00000000c7a80000)
 Metaspace       used 87888K, committed 89152K, reserved 1179648K
  class space    used 9108K, committed 9664K, reserved 1048576K
}
Event: 5205.465 GC heap after
{Heap after GC invocations=498 (full 13):
 PSYoungGen      total 6144K, used 576K [0x00000000eab00000, 0x00000000eb280000, 0x0000000100000000)
  eden space 4608K, 0% used [0x00000000eab00000,0x00000000eab00000,0x00000000eaf80000)
  from space 1536K, 37% used [0x00000000eaf80000,0x00000000eb010000,0x00000000eb100000)
  to   space 1024K, 0% used [0x00000000eb180000,0x00000000eb180000,0x00000000eb280000)
 ParOldGen       total 125440K, used 123983K [0x00000000c0000000, 0x00000000c7a80000, 0x00000000eab00000)
  object space 125440K, 98% used [0x00000000c0000000,0x00000000c7913df0,0x00000000c7a80000)
 Metaspace       used 87888K, committed 89152K, reserved 1179648K
  class space    used 9108K, committed 9664K, reserved 1048576K
}
Event: 5205.470 GC heap before
{Heap before GC invocations=499 (full 13):
 PSYoungGen      total 6144K, used 5184K [0x00000000eab00000, 0x00000000eb280000, 0x0000000100000000)
  eden space 4608K, 100% used [0x00000000eab00000,0x00000000eaf80000,0x00000000eaf80000)
  from space 1536K, 37% used [0x00000000eaf80000,0x00000000eb010000,0x00000000eb100000)
  to   space 1024K, 0% used [0x00000000eb180000,0x00000000eb180000,0x00000000eb280000)
 ParOldGen       total 125440K, used 123983K [0x00000000c0000000, 0x00000000c7a80000, 0x00000000eab00000)
  object space 125440K, 98% used [0x00000000c0000000,0x00000000c7913df0,0x00000000c7a80000)
 Metaspace       used 87888K, committed 89152K, reserved 1179648K
  class space    used 9108K, committed 9664K, reserved 1048576K
}
Event: 5205.472 GC heap after
{Heap after GC invocations=499 (full 13):
 PSYoungGen      total 6656K, used 576K [0x00000000eab00000, 0x00000000eb280000, 0x0000000100000000)
  eden space 5632K, 0% used [0x00000000eab00000,0x00000000eab00000,0x00000000eb080000)
  from space 1024K, 56% used [0x00000000eb180000,0x00000000eb210000,0x00000000eb280000)
  to   space 1024K, 0% used [0x00000000eb080000,0x00000000eb080000,0x00000000eb180000)
 ParOldGen       total 125440K, used 124463K [0x00000000c0000000, 0x00000000c7a80000, 0x00000000eab00000)
  object space 125440K, 99% used [0x00000000c0000000,0x00000000c798be50,0x00000000c7a80000)
 Metaspace       used 87888K, committed 89152K, reserved 1179648K
  class space    used 9108K, committed 9664K, reserved 1048576K
}
Event: 5205.543 GC heap before
{Heap before GC invocations=500 (full 13):
 PSYoungGen      total 6656K, used 6208K [0x00000000eab00000, 0x00000000eb280000, 0x0000000100000000)
  eden space 5632K, 100% used [0x00000000eab00000,0x00000000eb080000,0x00000000eb080000)
  from space 1024K, 56% used [0x00000000eb180000,0x00000000eb210000,0x00000000eb280000)
  to   space 1024K, 0% used [0x00000000eb080000,0x00000000eb080000,0x00000000eb180000)
 ParOldGen       total 125440K, used 124463K [0x00000000c0000000, 0x00000000c7a80000, 0x00000000eab00000)
  object space 125440K, 99% used [0x00000000c0000000,0x00000000c798be50,0x00000000c7a80000)
 Metaspace       used 87892K, committed 89152K, reserved 1179648K
  class space    used 9108K, committed 9664K, reserved 1048576K
}
Event: 5205.544 GC heap after
{Heap after GC invocations=500 (full 13):
 PSYoungGen      total 6656K, used 1024K [0x00000000eab00000, 0x00000000eb700000, 0x0000000100000000)
  eden space 5632K, 0% used [0x00000000eab00000,0x00000000eab00000,0x00000000eb080000)
  from space 1024K, 100% used [0x00000000eb080000,0x00000000eb180000,0x00000000eb180000)
  to   space 2560K, 0% used [0x00000000eb480000,0x00000000eb480000,0x00000000eb700000)
 ParOldGen       total 125440K, used 125279K [0x00000000c0000000, 0x00000000c7a80000, 0x00000000eab00000)
  object space 125440K, 99% used [0x00000000c0000000,0x00000000c7a57e70,0x00000000c7a80000)
 Metaspace       used 87892K, committed 89152K, reserved 1179648K
  class space    used 9108K, committed 9664K, reserved 1048576K
}
Event: 5205.545 GC heap before
{Heap before GC invocations=501 (full 14):
 PSYoungGen      total 6656K, used 1024K [0x00000000eab00000, 0x00000000eb700000, 0x0000000100000000)
  eden space 5632K, 0% used [0x00000000eab00000,0x00000000eab00000,0x00000000eb080000)
  from space 1024K, 100% used [0x00000000eb080000,0x00000000eb180000,0x00000000eb180000)
  to   space 2560K, 0% used [0x00000000eb480000,0x00000000eb480000,0x00000000eb700000)
 ParOldGen       total 125440K, used 125279K [0x00000000c0000000, 0x00000000c7a80000, 0x00000000eab00000)
  object space 125440K, 99% used [0x00000000c0000000,0x00000000c7a57e70,0x00000000c7a80000)
 Metaspace       used 87892K, committed 89152K, reserved 1179648K
  class space    used 9108K, committed 9664K, reserved 1048576K
}
Event: 5206.357 GC heap after
{Heap after GC invocations=501 (full 14):
 PSYoungGen      total 9728K, used 0K [0x00000000eab00000, 0x00000000eb700000, 0x0000000100000000)
  eden space 7168K, 0% used [0x00000000eab00000,0x00000000eab00000,0x00000000eb200000)
  from space 2560K, 0% used [0x00000000eb480000,0x00000000eb480000,0x00000000eb700000)
  to   space 2560K, 0% used [0x00000000eb200000,0x00000000eb200000,0x00000000eb480000)
 ParOldGen       total 130048K, used 108484K [0x00000000c0000000, 0x00000000c7f00000, 0x00000000eab00000)
  object space 130048K, 83% used [0x00000000c0000000,0x00000000c69f13b8,0x00000000c7f00000)
 Metaspace       used 87772K, committed 89152K, reserved 1179648K
  class space    used 9079K, committed 9664K, reserved 1048576K
}
Event: 5206.468 GC heap before
{Heap before GC invocations=502 (full 14):
 PSYoungGen      total 9728K, used 7168K [0x00000000eab00000, 0x00000000eb700000, 0x0000000100000000)
  eden space 7168K, 100% used [0x00000000eab00000,0x00000000eb200000,0x00000000eb200000)
  from space 2560K, 0% used [0x00000000eb480000,0x00000000eb480000,0x00000000eb700000)
  to   space 2560K, 0% used [0x00000000eb200000,0x00000000eb200000,0x00000000eb480000)
 ParOldGen       total 130048K, used 108484K [0x00000000c0000000, 0x00000000c7f00000, 0x00000000eab00000)
  object space 130048K, 83% used [0x00000000c0000000,0x00000000c69f13b8,0x00000000c7f00000)
 Metaspace       used 87783K, committed 89152K, reserved 1179648K
  class space    used 9079K, committed 9664K, reserved 1048576K
}
Event: 5206.469 GC heap after
{Heap after GC invocations=502 (full 14):
 PSYoungGen      total 8704K, used 1098K [0x00000000eab00000, 0x00000000eb500000, 0x0000000100000000)
  eden space 7168K, 0% used [0x00000000eab00000,0x00000000eab00000,0x00000000eb200000)
  from space 1536K, 71% used [0x00000000eb200000,0x00000000eb312910,0x00000000eb380000)
  to   space 1536K, 0% used [0x00000000eb380000,0x00000000eb380000,0x00000000eb500000)
 ParOldGen       total 130048K, used 108484K [0x00000000c0000000, 0x00000000c7f00000, 0x00000000eab00000)
  object space 130048K, 83% used [0x00000000c0000000,0x00000000c69f13b8,0x00000000c7f00000)
 Metaspace       used 87783K, committed 89152K, reserved 1179648K
  class space    used 9079K, committed 9664K, reserved 1048576K
}
Event: 5206.499 GC heap before
{Heap before GC invocations=503 (full 14):
 PSYoungGen      total 8704K, used 8266K [0x00000000eab00000, 0x00000000eb500000, 0x0000000100000000)
  eden space 7168K, 100% used [0x00000000eab00000,0x00000000eb200000,0x00000000eb200000)
  from space 1536K, 71% used [0x00000000eb200000,0x00000000eb312910,0x00000000eb380000)
  to   space 1536K, 0% used [0x00000000eb380000,0x00000000eb380000,0x00000000eb500000)
 ParOldGen       total 130048K, used 108484K [0x00000000c0000000, 0x00000000c7f00000, 0x00000000eab00000)
  object space 130048K, 83% used [0x00000000c0000000,0x00000000c69f13b8,0x00000000c7f00000)
 Metaspace       used 87785K, committed 89152K, reserved 1179648K
  class space    used 9079K, committed 9664K, reserved 1048576K
}
Event: 5206.504 GC heap after
{Heap after GC invocations=503 (full 14):
 PSYoungGen      total 8192K, used 704K [0x00000000eab00000, 0x00000000eb480000, 0x0000000100000000)
  eden space 7168K, 0% used [0x00000000eab00000,0x00000000eab00000,0x00000000eb200000)
  from space 1024K, 68% used [0x00000000eb380000,0x00000000eb430000,0x00000000eb480000)
  to   space 1024K, 0% used [0x00000000eb280000,0x00000000eb280000,0x00000000eb380000)
 ParOldGen       total 130048K, used 109468K [0x00000000c0000000, 0x00000000c7f00000, 0x00000000eab00000)
  object space 130048K, 84% used [0x00000000c0000000,0x00000000c6ae7158,0x00000000c7f00000)
 Metaspace       used 87785K, committed 89152K, reserved 1179648K
  class space    used 9079K, committed 9664K, reserved 1048576K
}
Event: 5206.529 GC heap before
{Heap before GC invocations=504 (full 14):
 PSYoungGen      total 8192K, used 7872K [0x00000000eab00000, 0x00000000eb480000, 0x0000000100000000)
  eden space 7168K, 100% used [0x00000000eab00000,0x00000000eb200000,0x00000000eb200000)
  from space 1024K, 68% used [0x00000000eb380000,0x00000000eb430000,0x00000000eb480000)
  to   space 1024K, 0% used [0x00000000eb280000,0x00000000eb280000,0x00000000eb380000)
 ParOldGen       total 130048K, used 109468K [0x00000000c0000000, 0x00000000c7f00000, 0x00000000eab00000)
  object space 130048K, 84% used [0x00000000c0000000,0x00000000c6ae7158,0x00000000c7f00000)
 Metaspace       used 87787K, committed 89152K, reserved 1179648K
  class space    used 9079K, committed 9664K, reserved 1048576K
}
Event: 5206.532 GC heap after
{Heap after GC invocations=504 (full 14):
 PSYoungGen      total 8192K, used 912K [0x00000000eab00000, 0x00000000eb400000, 0x0000000100000000)
  eden space 7168K, 0% used [0x00000000eab00000,0x00000000eab00000,0x00000000eb200000)
  from space 1024K, 89% used [0x00000000eb280000,0x00000000eb364010,0x00000000eb380000)
  to   space 512K, 0% used [0x00000000eb380000,0x00000000eb380000,0x00000000eb400000)
 ParOldGen       total 130048K, used 110080K [0x00000000c0000000, 0x00000000c7f00000, 0x00000000eab00000)
  object space 130048K, 84% used [0x00000000c0000000,0x00000000c6b801a8,0x00000000c7f00000)
 Metaspace       used 87787K, committed 89152K, reserved 1179648K
  class space    used 9079K, committed 9664K, reserved 1048576K
}
Event: 5206.556 GC heap before
{Heap before GC invocations=505 (full 14):
 PSYoungGen      total 8192K, used 8080K [0x00000000eab00000, 0x00000000eb400000, 0x0000000100000000)
  eden space 7168K, 100% used [0x00000000eab00000,0x00000000eb200000,0x00000000eb200000)
  from space 1024K, 89% used [0x00000000eb280000,0x00000000eb364010,0x00000000eb380000)
  to   space 512K, 0% used [0x00000000eb380000,0x00000000eb380000,0x00000000eb400000)
 ParOldGen       total 130048K, used 110080K [0x00000000c0000000, 0x00000000c7f00000, 0x00000000eab00000)
  object space 130048K, 84% used [0x00000000c0000000,0x00000000c6b801a8,0x00000000c7f00000)
 Metaspace       used 87801K, committed 89152K, reserved 1179648K
  class space    used 9079K, committed 9664K, reserved 1048576K
}
Event: 5206.561 GC heap after
{Heap after GC invocations=505 (full 14):
 PSYoungGen      total 7680K, used 506K [0x00000000eab00000, 0x00000000eb400000, 0x0000000100000000)
  eden space 7168K, 0% used [0x00000000eab00000,0x00000000eab00000,0x00000000eb200000)
  from space 512K, 98% used [0x00000000eb380000,0x00000000eb3fe900,0x00000000eb400000)
  to   space 1024K, 0% used [0x00000000eb280000,0x00000000eb280000,0x00000000eb380000)
 ParOldGen       total 130048K, used 111463K [0x00000000c0000000, 0x00000000c7f00000, 0x00000000eab00000)
  object space 130048K, 85% used [0x00000000c0000000,0x00000000c6cd9da0,0x00000000c7f00000)
 Metaspace       used 87801K, committed 89152K, reserved 1179648K
  class space    used 9079K, committed 9664K, reserved 1048576K
}
Event: 5206.581 GC heap before
{Heap before GC invocations=506 (full 14):
 PSYoungGen      total 7680K, used 7674K [0x00000000eab00000, 0x00000000eb400000, 0x0000000100000000)
  eden space 7168K, 100% used [0x00000000eab00000,0x00000000eb200000,0x00000000eb200000)
  from space 512K, 98% used [0x00000000eb380000,0x00000000eb3fe900,0x00000000eb400000)
  to   space 1024K, 0% used [0x00000000eb280000,0x00000000eb280000,0x00000000eb380000)
 ParOldGen       total 130048K, used 111463K [0x00000000c0000000, 0x00000000c7f00000, 0x00000000eab00000)
  object space 130048K, 85% used [0x00000000c0000000,0x00000000c6cd9da0,0x00000000c7f00000)
 Metaspace       used 87803K, committed 89152K, reserved 1179648K
  class space    used 9079K, committed 9664K, reserved 1048576K
}
Event: 5206.583 GC heap after
{Heap after GC invocations=506 (full 14):
 PSYoungGen      total 8192K, used 768K [0x00000000eab00000, 0x00000000eb400000, 0x0000000100000000)
  eden space 7168K, 0% used [0x00000000eab00000,0x00000000eab00000,0x00000000eb200000)
  from space 1024K, 75% used [0x00000000eb280000,0x00000000eb340000,0x00000000eb380000)
  to   space 512K, 0% used [0x00000000eb380000,0x00000000eb380000,0x00000000eb400000)
 ParOldGen       total 130048K, used 112018K [0x00000000c0000000, 0x00000000c7f00000, 0x00000000eab00000)
  object space 130048K, 86% used [0x00000000c0000000,0x00000000c6d64ae0,0x00000000c7f00000)
 Metaspace       used 87803K, committed 89152K, reserved 1179648K
  class space    used 9079K, committed 9664K, reserved 1048576K
}

