# JRE version: OpenJDK Runtime Environment Temurin-17.0.11+9 (17.0.11+9) (build 17.0.11+9)
# Java VM: OpenJDK 64-Bit Server VM Temurin-17.0.11+9 (17.0.11+9, mixed mode, emulated-client, tiered, compressed oops, compressed class ptrs, g1 gc, windows-amd64)
GC Precious Log:
 CPUs: 8 total, 8 available
 Memory: 8059M
 Large Page Support: Disabled
 NUMA Support: Disabled
 Compressed Oops: Enabled (32-bit)
 Heap Region Size: 1M
 Heap Min Capacity: 8M
 Heap Initial Capacity: 126M
 Heap Max Capacity: 1G
 Pre-touch: Disabled
 Parallel Workers: 8
 Concurrent Workers: 2
 Concurrent Refinement Workers: 8
 Periodic GC: Disabled
Heap:
 garbage-first heap   total 140288K, used 50259K [0x00000000c0000000, 0x0000000100000000)
  region size 1024K, 1 young (1024K), 0 survivors (0K)
 Metaspace       used 64474K, committed 65024K, reserved 1114112K
  class space    used 8160K, committed 8384K, reserved 1048576K
GC Heap History (20 events):
Event: 23933.520 GC heap before
{Heap before GC invocations=2082 (full 1988):
 garbage-first heap   total 140288K, used 50259K [0x00000000c0000000, 0x0000000100000000)
  region size 1024K, 1 young (1024K), 0 survivors (0K)
 Metaspace       used 64474K, committed 65024K, reserved 1114112K
  class space    used 8160K, committed 8384K, reserved 1048576K
}
Event: 23933.573 GC heap after
{Heap after GC invocations=2083 (full 1989):
 garbage-first heap   total 140288K, used 50259K [0x00000000c0000000, 0x0000000100000000)
  region size 1024K, 0 young (0K), 0 survivors (0K)
 Metaspace       used 64474K, committed 65024K, reserved 1114112K
  class space    used 8160K, committed 8384K, reserved 1048576K
}
Event: 23943.776 GC heap before
{Heap before GC invocations=2083 (full 1989):
 garbage-first heap   total 140288K, used 50259K [0x00000000c0000000, 0x0000000100000000)
  region size 1024K, 1 young (1024K), 0 survivors (0K)
 Metaspace       used 64474K, committed 65024K, reserved 1114112K
  class space    used 8160K, committed 8384K, reserved 1048576K
}
Event: 23943.813 GC heap after
{Heap after GC invocations=2084 (full 1990):
 garbage-first heap   total 140288K, used 50259K [0x00000000c0000000, 0x0000000100000000)
  region size 1024K, 0 young (0K), 0 survivors (0K)
 Metaspace       used 64474K, committed 65024K, reserved 1114112K
  class space    used 8160K, committed 8384K, reserved 1048576K
}
Event: 23954.022 GC heap before
{Heap before GC invocations=2084 (full 1990):
 garbage-first heap   total 140288K, used 50259K [0x00000000c0000000, 0x0000000100000000)
  region size 1024K, 1 young (1024K), 0 survivors (0K)
 Metaspace       used 64474K, committed 65024K, reserved 1114112K
  class space    used 8160K, committed 8384K, reserved 1048576K
}
Event: 23954.060 GC heap after
{Heap after GC invocations=2085 (full 1991):
 garbage-first heap   total 140288K, used 50259K [0x00000000c0000000, 0x0000000100000000)
  region size 1024K, 0 young (0K), 0 survivors (0K)
 Metaspace       used 64474K, committed 65024K, reserved 1114112K
  class space    used 8160K, committed 8384K, reserved 1048576K
}
Event: 23964.281 GC heap before
{Heap before GC invocations=2085 (full 1991):
 garbage-first heap   total 140288K, used 50259K [0x00000000c0000000, 0x0000000100000000)
  region size 1024K, 1 young (1024K), 0 survivors (0K)
 Metaspace       used 64474K, committed 65024K, reserved 1114112K
  class space    used 8160K, committed 8384K, reserved 1048576K
}
Event: 23964.328 GC heap after
{Heap after GC invocations=2086 (full 1992):
 garbage-first heap   total 140288K, used 50259K [0x00000000c0000000, 0x0000000100000000)
  region size 1024K, 0 young (0K), 0 survivors (0K)
 Metaspace       used 64474K, committed 65024K, reserved 1114112K
  class space    used 8160K, committed 8384K, reserved 1048576K
}
Event: 23974.532 GC heap before
{Heap before GC invocations=2086 (full 1992):
 garbage-first heap   total 140288K, used 50259K [0x00000000c0000000, 0x0000000100000000)
  region size 1024K, 1 young (1024K), 0 survivors (0K)
 Metaspace       used 64474K, committed 65024K, reserved 1114112K
  class space    used 8160K, committed 8384K, reserved 1048576K
}
Event: 23974.571 GC heap after
{Heap after GC invocations=2087 (full 1993):
 garbage-first heap   total 140288K, used 50259K [0x00000000c0000000, 0x0000000100000000)
  region size 1024K, 0 young (0K), 0 survivors (0K)
 Metaspace       used 64474K, committed 65024K, reserved 1114112K
  class space    used 8160K, committed 8384K, reserved 1048576K
}
Event: 23984.761 GC heap before
{Heap before GC invocations=2087 (full 1993):
 garbage-first heap   total 140288K, used 50259K [0x00000000c0000000, 0x0000000100000000)
  region size 1024K, 1 young (1024K), 0 survivors (0K)
 Metaspace       used 64474K, committed 65024K, reserved 1114112K
  class space    used 8160K, committed 8384K, reserved 1048576K
}
Event: 23984.797 GC heap after
{Heap after GC invocations=2088 (full 1994):
 garbage-first heap   total 140288K, used 50259K [0x00000000c0000000, 0x0000000100000000)
  region size 1024K, 0 young (0K), 0 survivors (0K)
 Metaspace       used 64474K, committed 65024K, reserved 1114112K
  class space    used 8160K, committed 8384K, reserved 1048576K
}
Event: 23995.095 GC heap before
{Heap before GC invocations=2088 (full 1994):
 garbage-first heap   total 140288K, used 50259K [0x00000000c0000000, 0x0000000100000000)
  region size 1024K, 1 young (1024K), 0 survivors (0K)
 Metaspace       used 64474K, committed 65024K, reserved 1114112K
  class space    used 8160K, committed 8384K, reserved 1048576K
}
Event: 23995.134 GC heap after
{Heap after GC invocations=2089 (full 1995):
 garbage-first heap   total 140288K, used 50259K [0x00000000c0000000, 0x0000000100000000)
  region size 1024K, 0 young (0K), 0 survivors (0K)
 Metaspace       used 64474K, committed 65024K, reserved 1114112K
  class space    used 8160K, committed 8384K, reserved 1048576K
}
Event: 24005.349 GC heap before
{Heap before GC invocations=2089 (full 1995):
 garbage-first heap   total 140288K, used 50259K [0x00000000c0000000, 0x0000000100000000)
  region size 1024K, 1 young (1024K), 0 survivors (0K)
 Metaspace       used 64474K, committed 65024K, reserved 1114112K
  class space    used 8160K, committed 8384K, reserved 1048576K
}
Event: 24005.389 GC heap after
{Heap after GC invocations=2090 (full 1996):
 garbage-first heap   total 140288K, used 50259K [0x00000000c0000000, 0x0000000100000000)
  region size 1024K, 0 young (0K), 0 survivors (0K)
 Metaspace       used 64474K, committed 65024K, reserved 1114112K
  class space    used 8160K, committed 8384K, reserved 1048576K
}
Event: 24015.867 GC heap before
{Heap before GC invocations=2090 (full 1996):
 garbage-first heap   total 140288K, used 50259K [0x00000000c0000000, 0x0000000100000000)
  region size 1024K, 1 young (1024K), 0 survivors (0K)
 Metaspace       used 64474K, committed 65024K, reserved 1114112K
  class space    used 8160K, committed 8384K, reserved 1048576K
}
Event: 24015.925 GC heap after
{Heap after GC invocations=2091 (full 1997):
 garbage-first heap   total 140288K, used 50259K [0x00000000c0000000, 0x0000000100000000)
  region size 1024K, 0 young (0K), 0 survivors (0K)
 Metaspace       used 64474K, committed 65024K, reserved 1114112K
  class space    used 8160K, committed 8384K, reserved 1048576K
}
Event: 24026.138 GC heap before
{Heap before GC invocations=2091 (full 1997):
 garbage-first heap   total 140288K, used 50259K [0x00000000c0000000, 0x0000000100000000)
  region size 1024K, 1 young (1024K), 0 survivors (0K)
 Metaspace       used 64474K, committed 65024K, reserved 1114112K
  class space    used 8160K, committed 8384K, reserved 1048576K
}
Event: 24026.175 GC heap after
{Heap after GC invocations=2092 (full 1998):
 garbage-first heap   total 140288K, used 50259K [0x00000000c0000000, 0x0000000100000000)
  region size 1024K, 0 young (0K), 0 survivors (0K)
 Metaspace       used 64474K, committed 65024K, reserved 1114112K
  class space    used 8160K, committed 8384K, reserved 1048576K
}

