# JRE version: OpenJDK Runtime Environment Temurin-17.0.11+9 (17.0.11+9) (build 17.0.11+9)
# Java VM: OpenJDK 64-Bit Server VM Temurin-17.0.11+9 (17.0.11+9, mixed mode, emulated-client, tiered, compressed oops, compressed class ptrs, g1 gc, windows-amd64)
GC Precious Log:
 CPUs: 8 total, 8 available
 Memory: 8059M
 Large Page Support: Disabled
 NUMA Support: Disabled
 Compressed Oops: Enabled (32-bit)
 Heap Region Size: 1M
 Heap Min Capacity: 8M
 Heap Initial Capacity: 126M
 Heap Max Capacity: 1G
 Pre-touch: Disabled
 Parallel Workers: 8
 Concurrent Workers: 2
 Concurrent Refinement Workers: 8
 Periodic GC: Disabled
Heap:
 garbage-first heap   total 92160K, used 37393K [0x00000000c0000000, 0x0000000100000000)
  region size 1024K, 1 young (1024K), 0 survivors (0K)
 Metaspace       used 60307K, committed 60928K, reserved 1114112K
  class space    used 7500K, committed 7744K, reserved 1048576K
GC Heap History (20 events):
Event: 10563.858 GC heap before
{Heap before GC invocations=1008 (full 992):
 garbage-first heap   total 92160K, used 37406K [0x00000000c0000000, 0x0000000100000000)
  region size 1024K, 1 young (1024K), 0 survivors (0K)
 Metaspace       used 60317K, committed 60928K, reserved 1114112K
  class space    used 7502K, committed 7744K, reserved 1048576K
}
Event: 10564.210 GC heap after
{Heap after GC invocations=1009 (full 993):
 garbage-first heap   total 92160K, used 37393K [0x00000000c0000000, 0x0000000100000000)
  region size 1024K, 0 young (0K), 0 survivors (0K)
 Metaspace       used 60307K, committed 60928K, reserved 1114112K
  class space    used 7500K, committed 7744K, reserved 1048576K
}
Event: 10574.507 GC heap before
{Heap before GC invocations=1009 (full 993):
 garbage-first heap   total 92160K, used 37393K [0x00000000c0000000, 0x0000000100000000)
  region size 1024K, 1 young (1024K), 0 survivors (0K)
 Metaspace       used 60307K, committed 60928K, reserved 1114112K
  class space    used 7500K, committed 7744K, reserved 1048576K
}
Event: 10574.551 GC heap after
{Heap after GC invocations=1010 (full 994):
 garbage-first heap   total 92160K, used 37393K [0x00000000c0000000, 0x0000000100000000)
  region size 1024K, 0 young (0K), 0 survivors (0K)
 Metaspace       used 60307K, committed 60928K, reserved 1114112K
  class space    used 7500K, committed 7744K, reserved 1048576K
}
Event: 10585.356 GC heap before
{Heap before GC invocations=1010 (full 994):
 garbage-first heap   total 92160K, used 37393K [0x00000000c0000000, 0x0000000100000000)
  region size 1024K, 1 young (1024K), 0 survivors (0K)
 Metaspace       used 60307K, committed 60928K, reserved 1114112K
  class space    used 7500K, committed 7744K, reserved 1048576K
}
Event: 10585.405 GC heap after
{Heap after GC invocations=1011 (full 995):
 garbage-first heap   total 92160K, used 37393K [0x00000000c0000000, 0x0000000100000000)
  region size 1024K, 0 young (0K), 0 survivors (0K)
 Metaspace       used 60307K, committed 60928K, reserved 1114112K
  class space    used 7500K, committed 7744K, reserved 1048576K
}
Event: 10596.050 GC heap before
{Heap before GC invocations=1011 (full 995):
 garbage-first heap   total 92160K, used 37393K [0x00000000c0000000, 0x0000000100000000)
  region size 1024K, 1 young (1024K), 0 survivors (0K)
 Metaspace       used 60307K, committed 60928K, reserved 1114112K
  class space    used 7500K, committed 7744K, reserved 1048576K
}
Event: 10596.102 GC heap after
{Heap after GC invocations=1012 (full 996):
 garbage-first heap   total 92160K, used 37393K [0x00000000c0000000, 0x0000000100000000)
  region size 1024K, 0 young (0K), 0 survivors (0K)
 Metaspace       used 60307K, committed 60928K, reserved 1114112K
  class space    used 7500K, committed 7744K, reserved 1048576K
}
Event: 10606.504 GC heap before
{Heap before GC invocations=1012 (full 996):
 garbage-first heap   total 92160K, used 37393K [0x00000000c0000000, 0x0000000100000000)
  region size 1024K, 1 young (1024K), 0 survivors (0K)
 Metaspace       used 60307K, committed 60928K, reserved 1114112K
  class space    used 7500K, committed 7744K, reserved 1048576K
}
Event: 10606.552 GC heap after
{Heap after GC invocations=1013 (full 997):
 garbage-first heap   total 92160K, used 37393K [0x00000000c0000000, 0x0000000100000000)
  region size 1024K, 0 young (0K), 0 survivors (0K)
 Metaspace       used 60307K, committed 60928K, reserved 1114112K
  class space    used 7500K, committed 7744K, reserved 1048576K
}
Event: 10616.832 GC heap before
{Heap before GC invocations=1013 (full 997):
 garbage-first heap   total 92160K, used 37393K [0x00000000c0000000, 0x0000000100000000)
  region size 1024K, 1 young (1024K), 0 survivors (0K)
 Metaspace       used 60307K, committed 60928K, reserved 1114112K
  class space    used 7500K, committed 7744K, reserved 1048576K
}
Event: 10616.874 GC heap after
{Heap after GC invocations=1014 (full 998):
 garbage-first heap   total 92160K, used 37393K [0x00000000c0000000, 0x0000000100000000)
  region size 1024K, 0 young (0K), 0 survivors (0K)
 Metaspace       used 60307K, committed 60928K, reserved 1114112K
  class space    used 7500K, committed 7744K, reserved 1048576K
}
Event: 10627.281 GC heap before
{Heap before GC invocations=1014 (full 998):
 garbage-first heap   total 92160K, used 37393K [0x00000000c0000000, 0x0000000100000000)
  region size 1024K, 1 young (1024K), 0 survivors (0K)
 Metaspace       used 60307K, committed 60928K, reserved 1114112K
  class space    used 7500K, committed 7744K, reserved 1048576K
}
Event: 10627.322 GC heap after
{Heap after GC invocations=1015 (full 999):
 garbage-first heap   total 92160K, used 37393K [0x00000000c0000000, 0x0000000100000000)
  region size 1024K, 0 young (0K), 0 survivors (0K)
 Metaspace       used 60307K, committed 60928K, reserved 1114112K
  class space    used 7500K, committed 7744K, reserved 1048576K
}
Event: 10637.728 GC heap before
{Heap before GC invocations=1015 (full 999):
 garbage-first heap   total 92160K, used 37393K [0x00000000c0000000, 0x0000000100000000)
  region size 1024K, 1 young (1024K), 0 survivors (0K)
 Metaspace       used 60307K, committed 60928K, reserved 1114112K
  class space    used 7500K, committed 7744K, reserved 1048576K
}
Event: 10637.772 GC heap after
{Heap after GC invocations=1016 (full 1000):
 garbage-first heap   total 92160K, used 37393K [0x00000000c0000000, 0x0000000100000000)
  region size 1024K, 0 young (0K), 0 survivors (0K)
 Metaspace       used 60307K, committed 60928K, reserved 1114112K
  class space    used 7500K, committed 7744K, reserved 1048576K
}
Event: 10648.238 GC heap before
{Heap before GC invocations=1016 (full 1000):
 garbage-first heap   total 92160K, used 37393K [0x00000000c0000000, 0x0000000100000000)
  region size 1024K, 1 young (1024K), 0 survivors (0K)
 Metaspace       used 60307K, committed 60928K, reserved 1114112K
  class space    used 7500K, committed 7744K, reserved 1048576K
}
Event: 10648.288 GC heap after
{Heap after GC invocations=1017 (full 1001):
 garbage-first heap   total 92160K, used 37393K [0x00000000c0000000, 0x0000000100000000)
  region size 1024K, 0 young (0K), 0 survivors (0K)
 Metaspace       used 60307K, committed 60928K, reserved 1114112K
  class space    used 7500K, committed 7744K, reserved 1048576K
}
Event: 10658.857 GC heap before
{Heap before GC invocations=1017 (full 1001):
 garbage-first heap   total 92160K, used 37393K [0x00000000c0000000, 0x0000000100000000)
  region size 1024K, 1 young (1024K), 0 survivors (0K)
 Metaspace       used 60307K, committed 60928K, reserved 1114112K
  class space    used 7500K, committed 7744K, reserved 1048576K
}
Event: 10658.901 GC heap after
{Heap after GC invocations=1018 (full 1002):
 garbage-first heap   total 92160K, used 37393K [0x00000000c0000000, 0x0000000100000000)
  region size 1024K, 0 young (0K), 0 survivors (0K)
 Metaspace       used 60307K, committed 60928K, reserved 1114112K
  class space    used 7500K, committed 7744K, reserved 1048576K
}

