# JRE version: OpenJDK Runtime Environment Temurin-17.0.11+9 (17.0.11+9) (build 17.0.11+9)
# Java VM: OpenJDK 64-Bit Server VM Temurin-17.0.11+9 (17.0.11+9, mixed mode, tiered, compressed oops, compressed class ptrs, parallel gc, windows-amd64)
GC Precious Log:
 CPUs: 8 total, 8 available
 Memory: 8059M
 Large Page Support: Disabled
 NUMA Support: Disabled
 Compressed Oops: Enabled (32-bit)
 Alignments: Space 512K, Generation 512K, Heap 2M
 Heap Min Capacity: 100M
 Heap Initial Capacity: 100M
 Heap Max Capacity: 1G
 Pre-touch: Disabled
 Parallel Workers: 8
Heap:
 PSYoungGen      total 40448K, used 16450K [0x00000000eab00000, 0x00000000ed980000, 0x0000000100000000)
  eden space 39936K, 39% used [0x00000000eab00000,0x00000000eba936e8,0x00000000ed200000)
  from space 512K, 97% used [0x00000000ed900000,0x00000000ed97d220,0x00000000ed980000)
  to   space 3584K, 0% used [0x00000000ed280000,0x00000000ed280000,0x00000000ed600000)
 ParOldGen       total 158208K, used 104645K [0x00000000c0000000, 0x00000000c9a80000, 0x00000000eab00000)
  object space 158208K, 66% used [0x00000000c0000000,0x00000000c6631778,0x00000000c9a80000)
 Metaspace       used 76468K, committed 77888K, reserved 1179648K
  class space    used 8164K, committed 8768K, reserved 1048576K
GC Heap History (20 events):
Event: 13.495 GC heap before
{Heap before GC invocations=80 (full 6):
 PSYoungGen      total 41472K, used 41411K [0x00000000eab00000, 0x00000000ed980000, 0x0000000100000000)
  eden space 37376K, 99% used [0x00000000eab00000,0x00000000ecf70e80,0x00000000ecf80000)
  from space 4096K, 99% used [0x00000000ed580000,0x00000000ed97fec0,0x00000000ed980000)
  to   space 4608K, 0% used [0x00000000ed080000,0x00000000ed080000,0x00000000ed500000)
 ParOldGen       total 158208K, used 88629K [0x00000000c0000000, 0x00000000c9a80000, 0x00000000eab00000)
  object space 158208K, 56% used [0x00000000c0000000,0x00000000c568d6d0,0x00000000c9a80000)
 Metaspace       used 66675K, committed 67968K, reserved 1114112K
  class space    used 7125K, committed 7680K, reserved 1048576K
}
Event: 13.501 GC heap after
{Heap after GC invocations=80 (full 6):
 PSYoungGen      total 43008K, used 4587K [0x00000000eab00000, 0x00000000edd00000, 0x0000000100000000)
  eden space 38400K, 0% used [0x00000000eab00000,0x00000000eab00000,0x00000000ed080000)
  from space 4608K, 99% used [0x00000000ed080000,0x00000000ed4faf20,0x00000000ed500000)
  to   space 5632K, 0% used [0x00000000ed780000,0x00000000ed780000,0x00000000edd00000)
 ParOldGen       total 158208K, used 89261K [0x00000000c0000000, 0x00000000c9a80000, 0x00000000eab00000)
  object space 158208K, 56% used [0x00000000c0000000,0x00000000c572b4f8,0x00000000c9a80000)
 Metaspace       used 66675K, committed 67968K, reserved 1114112K
  class space    used 7125K, committed 7680K, reserved 1048576K
}
Event: 13.735 GC heap before
{Heap before GC invocations=81 (full 6):
 PSYoungGen      total 43008K, used 42987K [0x00000000eab00000, 0x00000000edd00000, 0x0000000100000000)
  eden space 38400K, 100% used [0x00000000eab00000,0x00000000ed080000,0x00000000ed080000)
  from space 4608K, 99% used [0x00000000ed080000,0x00000000ed4faf20,0x00000000ed500000)
  to   space 5632K, 0% used [0x00000000ed780000,0x00000000ed780000,0x00000000edd00000)
 ParOldGen       total 158208K, used 89261K [0x00000000c0000000, 0x00000000c9a80000, 0x00000000eab00000)
  object space 158208K, 56% used [0x00000000c0000000,0x00000000c572b4f8,0x00000000c9a80000)
 Metaspace       used 68664K, committed 70016K, reserved 1114112K
  class space    used 7314K, committed 7872K, reserved 1048576K
}
Event: 13.740 GC heap after
{Heap after GC invocations=81 (full 6):
 PSYoungGen      total 44544K, used 3225K [0x00000000eab00000, 0x00000000edb00000, 0x0000000100000000)
  eden space 40960K, 0% used [0x00000000eab00000,0x00000000eab00000,0x00000000ed300000)
  from space 3584K, 89% used [0x00000000ed780000,0x00000000edaa64a0,0x00000000edb00000)
  to   space 4096K, 0% used [0x00000000ed300000,0x00000000ed300000,0x00000000ed700000)
 ParOldGen       total 158208K, used 91930K [0x00000000c0000000, 0x00000000c9a80000, 0x00000000eab00000)
  object space 158208K, 58% used [0x00000000c0000000,0x00000000c59c6960,0x00000000c9a80000)
 Metaspace       used 68664K, committed 70016K, reserved 1114112K
  class space    used 7314K, committed 7872K, reserved 1048576K
}
Event: 13.998 GC heap before
{Heap before GC invocations=82 (full 6):
 PSYoungGen      total 44544K, used 44185K [0x00000000eab00000, 0x00000000edb00000, 0x0000000100000000)
  eden space 40960K, 100% used [0x00000000eab00000,0x00000000ed300000,0x00000000ed300000)
  from space 3584K, 89% used [0x00000000ed780000,0x00000000edaa64a0,0x00000000edb00000)
  to   space 4096K, 0% used [0x00000000ed300000,0x00000000ed300000,0x00000000ed700000)
 ParOldGen       total 158208K, used 91930K [0x00000000c0000000, 0x00000000c9a80000, 0x00000000eab00000)
  object space 158208K, 58% used [0x00000000c0000000,0x00000000c59c6960,0x00000000c9a80000)
 Metaspace       used 70030K, committed 71424K, reserved 1114112K
  class space    used 7411K, committed 8000K, reserved 1048576K
}
Event: 14.004 GC heap after
{Heap after GC invocations=82 (full 6):
 PSYoungGen      total 45056K, used 4068K [0x00000000eab00000, 0x00000000ee300000, 0x0000000100000000)
  eden space 40960K, 0% used [0x00000000eab00000,0x00000000eab00000,0x00000000ed300000)
  from space 4096K, 99% used [0x00000000ed300000,0x00000000ed6f9390,0x00000000ed700000)
  to   space 7168K, 0% used [0x00000000edc00000,0x00000000edc00000,0x00000000ee300000)
 ParOldGen       total 158208K, used 94059K [0x00000000c0000000, 0x00000000c9a80000, 0x00000000eab00000)
  object space 158208K, 59% used [0x00000000c0000000,0x00000000c5bdad88,0x00000000c9a80000)
 Metaspace       used 70030K, committed 71424K, reserved 1114112K
  class space    used 7411K, committed 8000K, reserved 1048576K
}
Event: 14.277 GC heap before
{Heap before GC invocations=83 (full 6):
 PSYoungGen      total 45056K, used 45028K [0x00000000eab00000, 0x00000000ee300000, 0x0000000100000000)
  eden space 40960K, 100% used [0x00000000eab00000,0x00000000ed300000,0x00000000ed300000)
  from space 4096K, 99% used [0x00000000ed300000,0x00000000ed6f9390,0x00000000ed700000)
  to   space 7168K, 0% used [0x00000000edc00000,0x00000000edc00000,0x00000000ee300000)
 ParOldGen       total 158208K, used 94059K [0x00000000c0000000, 0x00000000c9a80000, 0x00000000eab00000)
  object space 158208K, 59% used [0x00000000c0000000,0x00000000c5bdad88,0x00000000c9a80000)
 Metaspace       used 71318K, committed 72640K, reserved 1114112K
  class space    used 7534K, committed 8064K, reserved 1048576K
}
Event: 14.282 GC heap after
{Heap after GC invocations=83 (full 6):
 PSYoungGen      total 47616K, used 4519K [0x00000000eab00000, 0x00000000ee080000, 0x0000000100000000)
  eden space 43008K, 0% used [0x00000000eab00000,0x00000000eab00000,0x00000000ed500000)
  from space 4608K, 98% used [0x00000000edc00000,0x00000000ee069eb8,0x00000000ee080000)
  to   space 5120K, 0% used [0x00000000ed680000,0x00000000ed680000,0x00000000edb80000)
 ParOldGen       total 158208K, used 96722K [0x00000000c0000000, 0x00000000c9a80000, 0x00000000eab00000)
  object space 158208K, 61% used [0x00000000c0000000,0x00000000c5e74be8,0x00000000c9a80000)
 Metaspace       used 71318K, committed 72640K, reserved 1114112K
  class space    used 7534K, committed 8064K, reserved 1048576K
}
Event: 14.886 GC heap before
{Heap before GC invocations=84 (full 6):
 PSYoungGen      total 47616K, used 47527K [0x00000000eab00000, 0x00000000ee080000, 0x0000000100000000)
  eden space 43008K, 100% used [0x00000000eab00000,0x00000000ed500000,0x00000000ed500000)
  from space 4608K, 98% used [0x00000000edc00000,0x00000000ee069eb8,0x00000000ee080000)
  to   space 5120K, 0% used [0x00000000ed680000,0x00000000ed680000,0x00000000edb80000)
 ParOldGen       total 158208K, used 96722K [0x00000000c0000000, 0x00000000c9a80000, 0x00000000eab00000)
  object space 158208K, 61% used [0x00000000c0000000,0x00000000c5e74be8,0x00000000c9a80000)
 Metaspace       used 72094K, committed 73408K, reserved 1179648K
  class space    used 7592K, committed 8128K, reserved 1048576K
}
Event: 14.889 GC heap after
{Heap after GC invocations=84 (full 6):
 PSYoungGen      total 47616K, used 5111K [0x00000000eab00000, 0x00000000ee280000, 0x0000000100000000)
  eden space 42496K, 0% used [0x00000000eab00000,0x00000000eab00000,0x00000000ed480000)
  from space 5120K, 99% used [0x00000000ed680000,0x00000000edb7dec8,0x00000000edb80000)
  to   space 7168K, 0% used [0x00000000edb80000,0x00000000edb80000,0x00000000ee280000)
 ParOldGen       total 158208K, used 97994K [0x00000000c0000000, 0x00000000c9a80000, 0x00000000eab00000)
  object space 158208K, 61% used [0x00000000c0000000,0x00000000c5fb2be8,0x00000000c9a80000)
 Metaspace       used 72094K, committed 73408K, reserved 1179648K
  class space    used 7592K, committed 8128K, reserved 1048576K
}
Event: 15.750 GC heap before
{Heap before GC invocations=85 (full 6):
 PSYoungGen      total 47616K, used 47607K [0x00000000eab00000, 0x00000000ee280000, 0x0000000100000000)
  eden space 42496K, 100% used [0x00000000eab00000,0x00000000ed480000,0x00000000ed480000)
  from space 5120K, 99% used [0x00000000ed680000,0x00000000edb7dec8,0x00000000edb80000)
  to   space 7168K, 0% used [0x00000000edb80000,0x00000000edb80000,0x00000000ee280000)
 ParOldGen       total 158208K, used 97994K [0x00000000c0000000, 0x00000000c9a80000, 0x00000000eab00000)
  object space 158208K, 61% used [0x00000000c0000000,0x00000000c5fb2be8,0x00000000c9a80000)
 Metaspace       used 72215K, committed 73536K, reserved 1179648K
  class space    used 7595K, committed 8128K, reserved 1048576K
}
Event: 15.754 GC heap after
{Heap after GC invocations=85 (full 6):
 PSYoungGen      total 45056K, used 2699K [0x00000000eab00000, 0x00000000ede80000, 0x0000000100000000)
  eden space 41984K, 0% used [0x00000000eab00000,0x00000000eab00000,0x00000000ed400000)
  from space 3072K, 87% used [0x00000000edb80000,0x00000000ede22cb0,0x00000000ede80000)
  to   space 4096K, 0% used [0x00000000ed680000,0x00000000ed680000,0x00000000eda80000)
 ParOldGen       total 158208K, used 101490K [0x00000000c0000000, 0x00000000c9a80000, 0x00000000eab00000)
  object space 158208K, 64% used [0x00000000c0000000,0x00000000c631cbd0,0x00000000c9a80000)
 Metaspace       used 72215K, committed 73536K, reserved 1179648K
  class space    used 7595K, committed 8128K, reserved 1048576K
}
Event: 16.546 GC heap before
{Heap before GC invocations=86 (full 6):
 PSYoungGen      total 45056K, used 44683K [0x00000000eab00000, 0x00000000ede80000, 0x0000000100000000)
  eden space 41984K, 100% used [0x00000000eab00000,0x00000000ed400000,0x00000000ed400000)
  from space 3072K, 87% used [0x00000000edb80000,0x00000000ede22cb0,0x00000000ede80000)
  to   space 4096K, 0% used [0x00000000ed680000,0x00000000ed680000,0x00000000eda80000)
 ParOldGen       total 158208K, used 101490K [0x00000000c0000000, 0x00000000c9a80000, 0x00000000eab00000)
  object space 158208K, 64% used [0x00000000c0000000,0x00000000c631cbd0,0x00000000c9a80000)
 Metaspace       used 72335K, committed 73600K, reserved 1179648K
  class space    used 7604K, committed 8128K, reserved 1048576K
}
Event: 16.548 GC heap after
{Heap after GC invocations=86 (full 6):
 PSYoungGen      total 44032K, used 2224K [0x00000000eab00000, 0x00000000edc00000, 0x0000000100000000)
  eden space 41472K, 0% used [0x00000000eab00000,0x00000000eab00000,0x00000000ed380000)
  from space 2560K, 86% used [0x00000000ed680000,0x00000000ed8ac070,0x00000000ed900000)
  to   space 3072K, 0% used [0x00000000ed900000,0x00000000ed900000,0x00000000edc00000)
 ParOldGen       total 158208K, used 101498K [0x00000000c0000000, 0x00000000c9a80000, 0x00000000eab00000)
  object space 158208K, 64% used [0x00000000c0000000,0x00000000c631ebd0,0x00000000c9a80000)
 Metaspace       used 72335K, committed 73600K, reserved 1179648K
  class space    used 7604K, committed 8128K, reserved 1048576K
}
Event: 17.082 GC heap before
{Heap before GC invocations=87 (full 6):
 PSYoungGen      total 44032K, used 43583K [0x00000000eab00000, 0x00000000edc00000, 0x0000000100000000)
  eden space 41472K, 99% used [0x00000000eab00000,0x00000000ed363bb0,0x00000000ed380000)
  from space 2560K, 86% used [0x00000000ed680000,0x00000000ed8ac070,0x00000000ed900000)
  to   space 3072K, 0% used [0x00000000ed900000,0x00000000ed900000,0x00000000edc00000)
 ParOldGen       total 158208K, used 101498K [0x00000000c0000000, 0x00000000c9a80000, 0x00000000eab00000)
  object space 158208K, 64% used [0x00000000c0000000,0x00000000c631ebd0,0x00000000c9a80000)
 Metaspace       used 73040K, committed 74432K, reserved 1179648K
  class space    used 7676K, committed 8256K, reserved 1048576K
}
Event: 17.084 GC heap after
{Heap after GC invocations=87 (full 6):
 PSYoungGen      total 43520K, used 2097K [0x00000000eab00000, 0x00000000edb80000, 0x0000000100000000)
  eden space 40960K, 0% used [0x00000000eab00000,0x00000000eab00000,0x00000000ed300000)
  from space 2560K, 81% used [0x00000000ed900000,0x00000000edb0c4a0,0x00000000edb80000)
  to   space 2560K, 0% used [0x00000000ed680000,0x00000000ed680000,0x00000000ed900000)
 ParOldGen       total 158208K, used 101506K [0x00000000c0000000, 0x00000000c9a80000, 0x00000000eab00000)
  object space 158208K, 64% used [0x00000000c0000000,0x00000000c6320bd0,0x00000000c9a80000)
 Metaspace       used 73040K, committed 74432K, reserved 1179648K
  class space    used 7676K, committed 8256K, reserved 1048576K
}
Event: 17.479 GC heap before
{Heap before GC invocations=88 (full 6):
 PSYoungGen      total 43520K, used 43057K [0x00000000eab00000, 0x00000000edb80000, 0x0000000100000000)
  eden space 40960K, 100% used [0x00000000eab00000,0x00000000ed300000,0x00000000ed300000)
  from space 2560K, 81% used [0x00000000ed900000,0x00000000edb0c4a0,0x00000000edb80000)
  to   space 2560K, 0% used [0x00000000ed680000,0x00000000ed680000,0x00000000ed900000)
 ParOldGen       total 158208K, used 101506K [0x00000000c0000000, 0x00000000c9a80000, 0x00000000eab00000)
  object space 158208K, 64% used [0x00000000c0000000,0x00000000c6320bd0,0x00000000c9a80000)
 Metaspace       used 75496K, committed 76928K, reserved 1179648K
  class space    used 8048K, committed 8640K, reserved 1048576K
}
Event: 17.482 GC heap after
{Heap after GC invocations=88 (full 6):
 PSYoungGen      total 43008K, used 2549K [0x00000000eab00000, 0x00000000ed980000, 0x0000000100000000)
  eden space 40448K, 0% used [0x00000000eab00000,0x00000000eab00000,0x00000000ed280000)
  from space 2560K, 99% used [0x00000000ed680000,0x00000000ed8fd520,0x00000000ed900000)
  to   space 512K, 0% used [0x00000000ed900000,0x00000000ed900000,0x00000000ed980000)
 ParOldGen       total 158208K, used 101730K [0x00000000c0000000, 0x00000000c9a80000, 0x00000000eab00000)
  object space 158208K, 64% used [0x00000000c0000000,0x00000000c6358bd0,0x00000000c9a80000)
 Metaspace       used 75496K, committed 76928K, reserved 1179648K
  class space    used 8048K, committed 8640K, reserved 1048576K
}
Event: 19.496 GC heap before
{Heap before GC invocations=89 (full 6):
 PSYoungGen      total 43008K, used 42892K [0x00000000eab00000, 0x00000000ed980000, 0x0000000100000000)
  eden space 40448K, 99% used [0x00000000eab00000,0x00000000ed265e50,0x00000000ed280000)
  from space 2560K, 99% used [0x00000000ed680000,0x00000000ed8fd520,0x00000000ed900000)
  to   space 512K, 0% used [0x00000000ed900000,0x00000000ed900000,0x00000000ed980000)
 ParOldGen       total 158208K, used 101730K [0x00000000c0000000, 0x00000000c9a80000, 0x00000000eab00000)
  object space 158208K, 64% used [0x00000000c0000000,0x00000000c6358bd0,0x00000000c9a80000)
 Metaspace       used 76406K, committed 77824K, reserved 1179648K
  class space    used 8164K, committed 8768K, reserved 1048576K
}
Event: 19.499 GC heap after
{Heap after GC invocations=89 (full 6):
 PSYoungGen      total 40448K, used 500K [0x00000000eab00000, 0x00000000ed980000, 0x0000000100000000)
  eden space 39936K, 0% used [0x00000000eab00000,0x00000000eab00000,0x00000000ed200000)
  from space 512K, 97% used [0x00000000ed900000,0x00000000ed97d220,0x00000000ed980000)
  to   space 3584K, 0% used [0x00000000ed280000,0x00000000ed280000,0x00000000ed600000)
 ParOldGen       total 158208K, used 104645K [0x00000000c0000000, 0x00000000c9a80000, 0x00000000eab00000)
  object space 158208K, 66% used [0x00000000c0000000,0x00000000c6631778,0x00000000c9a80000)
 Metaspace       used 76406K, committed 77824K, reserved 1179648K
  class space    used 8164K, committed 8768K, reserved 1048576K
}

