# JRE version: Java(TM) SE Runtime Environment (17.0.10+11) (build 17.0.10+11-LTS-240)
# Java VM: Java HotSpot(TM) 64-Bit Server VM (17.0.10+11-LTS-240, mixed mode, sharing, tiered, compressed oops, compressed class ptrs, g1 gc, windows-amd64)
GC Precious Log:
 CPUs: 8 total, 8 available
 Memory: 8059M
 Large Page Support: Disabled
 NUMA Support: Disabled
 Compressed Oops: Enabled (32-bit)
 Heap Region Size: 1M
 Heap Min Capacity: 8M
 Heap Initial Capacity: 126M
 Heap Max Capacity: 2016M
 Pre-touch: Disabled
 Parallel Workers: 8
 Concurrent Workers: 2
 Concurrent Refinement Workers: 8
 Periodic GC: Disabled
Heap:
 garbage-first heap   total 58368K, used 39218K [0x0000000082000000, 0x0000000100000000)
  region size 1024K, 19 young (19456K), 3 survivors (3072K)
 Metaspace       used 44922K, committed 45376K, reserved 1114112K
  class space    used 5800K, committed 6016K, reserved 1048576K
GC Heap History (20 events):
Event: 7.272 GC heap before
{Heap before GC invocations=0 (full 0):
 garbage-first heap   total 129024K, used 23552K [0x0000000082000000, 0x0000000100000000)
  region size 1024K, 23 young (23552K), 0 survivors (0K)
 Metaspace       used 8306K, committed 8576K, reserved 1114112K
  class space    used 958K, committed 1088K, reserved 1048576K
}
Event: 7.292 GC heap after
{Heap after GC invocations=1 (full 0):
 garbage-first heap   total 129024K, used 8341K [0x0000000082000000, 0x0000000100000000)
  region size 1024K, 3 young (3072K), 3 survivors (3072K)
 Metaspace       used 8306K, committed 8576K, reserved 1114112K
  class space    used 958K, committed 1088K, reserved 1048576K
}
Event: 8.615 GC heap before
{Heap before GC invocations=1 (full 0):
 garbage-first heap   total 129024K, used 27797K [0x0000000082000000, 0x0000000100000000)
  region size 1024K, 23 young (23552K), 3 survivors (3072K)
 Metaspace       used 13231K, committed 13440K, reserved 1114112K
  class space    used 1630K, committed 1728K, reserved 1048576K
}
Event: 8.624 GC heap after
{Heap after GC invocations=2 (full 0):
 garbage-first heap   total 129024K, used 9870K [0x0000000082000000, 0x0000000100000000)
  region size 1024K, 2 young (2048K), 2 survivors (2048K)
 Metaspace       used 13231K, committed 13440K, reserved 1114112K
  class space    used 1630K, committed 1728K, reserved 1048576K
}
Event: 11.307 GC heap before
{Heap before GC invocations=2 (full 0):
 garbage-first heap   total 129024K, used 48782K [0x0000000082000000, 0x0000000100000000)
  region size 1024K, 42 young (43008K), 2 survivors (2048K)
 Metaspace       used 21198K, committed 21504K, reserved 1114112K
  class space    used 2570K, committed 2752K, reserved 1048576K
}
Event: 11.318 GC heap after
{Heap after GC invocations=3 (full 0):
 garbage-first heap   total 129024K, used 13502K [0x0000000082000000, 0x0000000100000000)
  region size 1024K, 6 young (6144K), 6 survivors (6144K)
 Metaspace       used 21198K, committed 21504K, reserved 1114112K
  class space    used 2570K, committed 2752K, reserved 1048576K
}
Event: 13.527 GC heap before
{Heap before GC invocations=4 (full 0):
 garbage-first heap   total 58368K, used 45246K [0x0000000082000000, 0x0000000100000000)
  region size 1024K, 38 young (38912K), 6 survivors (6144K)
 Metaspace       used 23449K, committed 23808K, reserved 1114112K
  class space    used 2849K, committed 3072K, reserved 1048576K
}
Event: 13.551 GC heap after
{Heap after GC invocations=5 (full 0):
 garbage-first heap   total 58368K, used 16178K [0x0000000082000000, 0x0000000100000000)
  region size 1024K, 8 young (8192K), 8 survivors (8192K)
 Metaspace       used 23449K, committed 23808K, reserved 1114112K
  class space    used 2849K, committed 3072K, reserved 1048576K
}
Event: 15.142 GC heap before
{Heap before GC invocations=5 (full 0):
 garbage-first heap   total 58368K, used 39730K [0x0000000082000000, 0x0000000100000000)
  region size 1024K, 31 young (31744K), 8 survivors (8192K)
 Metaspace       used 26196K, committed 26560K, reserved 1114112K
  class space    used 3203K, committed 3392K, reserved 1048576K
}
Event: 15.161 GC heap after
{Heap after GC invocations=6 (full 0):
 garbage-first heap   total 58368K, used 17120K [0x0000000082000000, 0x0000000100000000)
  region size 1024K, 2 young (2048K), 2 survivors (2048K)
 Metaspace       used 26196K, committed 26560K, reserved 1114112K
  class space    used 3203K, committed 3392K, reserved 1048576K
}
Event: 16.943 GC heap before
{Heap before GC invocations=6 (full 0):
 garbage-first heap   total 58368K, used 40672K [0x0000000082000000, 0x0000000100000000)
  region size 1024K, 25 young (25600K), 2 survivors (2048K)
 Metaspace       used 29114K, committed 29504K, reserved 1114112K
  class space    used 3623K, committed 3840K, reserved 1048576K
}
Event: 16.951 GC heap after
{Heap after GC invocations=7 (full 0):
 garbage-first heap   total 58368K, used 18739K [0x0000000082000000, 0x0000000100000000)
  region size 1024K, 4 young (4096K), 4 survivors (4096K)
 Metaspace       used 29114K, committed 29504K, reserved 1114112K
  class space    used 3623K, committed 3840K, reserved 1048576K
}
Event: 18.027 GC heap before
{Heap before GC invocations=7 (full 0):
 garbage-first heap   total 58368K, used 42291K [0x0000000082000000, 0x0000000100000000)
  region size 1024K, 27 young (27648K), 4 survivors (4096K)
 Metaspace       used 33750K, committed 34176K, reserved 1114112K
  class space    used 4237K, committed 4480K, reserved 1048576K
}
Event: 18.039 GC heap after
{Heap after GC invocations=8 (full 0):
 garbage-first heap   total 58368K, used 20757K [0x0000000082000000, 0x0000000100000000)
  region size 1024K, 4 young (4096K), 4 survivors (4096K)
 Metaspace       used 33750K, committed 34176K, reserved 1114112K
  class space    used 4237K, committed 4480K, reserved 1048576K
}
Event: 18.492 GC heap before
{Heap before GC invocations=8 (full 0):
 garbage-first heap   total 58368K, used 32021K [0x0000000082000000, 0x0000000100000000)
  region size 1024K, 16 young (16384K), 4 survivors (4096K)
 Metaspace       used 35623K, committed 36096K, reserved 1114112K
  class space    used 4430K, committed 4672K, reserved 1048576K
}
Event: 18.509 GC heap after
{Heap after GC invocations=9 (full 0):
 garbage-first heap   total 58368K, used 21868K [0x0000000082000000, 0x0000000100000000)
  region size 1024K, 2 young (2048K), 2 survivors (2048K)
 Metaspace       used 35623K, committed 36096K, reserved 1114112K
  class space    used 4430K, committed 4672K, reserved 1048576K
}
Event: 20.285 GC heap before
{Heap before GC invocations=10 (full 0):
 garbage-first heap   total 58368K, used 43372K [0x0000000082000000, 0x0000000100000000)
  region size 1024K, 24 young (24576K), 2 survivors (2048K)
 Metaspace       used 37197K, committed 37632K, reserved 1114112K
  class space    used 4667K, committed 4864K, reserved 1048576K
}
Event: 20.289 GC heap after
{Heap after GC invocations=11 (full 0):
 garbage-first heap   total 58368K, used 22852K [0x0000000082000000, 0x0000000100000000)
  region size 1024K, 3 young (3072K), 3 survivors (3072K)
 Metaspace       used 37197K, committed 37632K, reserved 1114112K
  class space    used 4667K, committed 4864K, reserved 1048576K
}
Event: 21.699 GC heap before
{Heap before GC invocations=11 (full 0):
 garbage-first heap   total 58368K, used 43332K [0x0000000082000000, 0x0000000100000000)
  region size 1024K, 24 young (24576K), 3 survivors (3072K)
 Metaspace       used 41382K, committed 41856K, reserved 1114112K
  class space    used 5264K, committed 5504K, reserved 1048576K
}
Event: 21.702 GC heap after
{Heap after GC invocations=12 (full 0):
 garbage-first heap   total 58368K, used 23858K [0x0000000082000000, 0x0000000100000000)
  region size 1024K, 3 young (3072K), 3 survivors (3072K)
 Metaspace       used 41382K, committed 41856K, reserved 1114112K
  class space    used 5264K, committed 5504K, reserved 1048576K
}

