# JRE version: OpenJDK Runtime Environment Temurin-17.0.11+9 (17.0.11+9) (build 17.0.11+9)
# Java VM: OpenJDK 64-Bit Server VM Temurin-17.0.11+9 (17.0.11+9, mixed mode, tiered, compressed oops, compressed class ptrs, parallel gc, windows-amd64)
GC Precious Log:
 CPUs: 8 total, 8 available
 Memory: 8059M
 Large Page Support: Disabled
 NUMA Support: Disabled
 Compressed Oops: Enabled (32-bit)
 Alignments: Space 512K, Generation 512K, Heap 2M
 Heap Min Capacity: 100M
 Heap Initial Capacity: 100M
 Heap Max Capacity: 1G
 Pre-touch: Disabled
 Parallel Workers: 8
Heap:
 PSYoungGen      total 13312K, used 6573K [0x00000000eab00000, 0x00000000ebb00000, 0x0000000100000000)
  eden space 10240K, 34% used [0x00000000eab00000,0x00000000eae6d058,0x00000000eb500000)
  from space 3072K, 99% used [0x00000000eb800000,0x00000000ebafe5a8,0x00000000ebb00000)
  to   space 3072K, 0% used [0x00000000eb500000,0x00000000eb500000,0x00000000eb800000)
 ParOldGen       total 235520K, used 210638K [0x00000000c0000000, 0x00000000ce600000, 0x00000000eab00000)
  object space 235520K, 89% used [0x00000000c0000000,0x00000000ccdb3870,0x00000000ce600000)
 Metaspace       used 65919K, committed 67136K, reserved 1114112K
  class space    used 6952K, committed 7424K, reserved 1048576K
GC Heap History (20 events):
Event: 23.665 GC heap before
{Heap before GC invocations=210 (full 10):
 PSYoungGen      total 8192K, used 7662K [0x00000000eab00000, 0x00000000eb780000, 0x0000000100000000)
  eden space 7680K, 99% used [0x00000000eab00000,0x00000000eb27b988,0x00000000eb280000)
  from space 512K, 0% used [0x00000000eb300000,0x00000000eb300000,0x00000000eb380000)
  to   space 2560K, 0% used [0x00000000eb500000,0x00000000eb500000,0x00000000eb780000)
 ParOldGen       total 235520K, used 200430K [0x00000000c0000000, 0x00000000ce600000, 0x00000000eab00000)
  object space 235520K, 85% used [0x00000000c0000000,0x00000000cc3bbbd8,0x00000000ce600000)
 Metaspace       used 64157K, committed 65344K, reserved 1114112K
  class space    used 6766K, committed 7232K, reserved 1048576K
}
Event: 23.668 GC heap after
{Heap after GC invocations=210 (full 10):
 PSYoungGen      total 10240K, used 1904K [0x00000000eab00000, 0x00000000eb700000, 0x0000000100000000)
  eden space 8192K, 0% used [0x00000000eab00000,0x00000000eab00000,0x00000000eb300000)
  from space 2048K, 93% used [0x00000000eb500000,0x00000000eb6dc3e8,0x00000000eb700000)
  to   space 2048K, 0% used [0x00000000eb300000,0x00000000eb300000,0x00000000eb500000)
 ParOldGen       total 235520K, used 200430K [0x00000000c0000000, 0x00000000ce600000, 0x00000000eab00000)
  object space 235520K, 85% used [0x00000000c0000000,0x00000000cc3bbbd8,0x00000000ce600000)
 Metaspace       used 64157K, committed 65344K, reserved 1114112K
  class space    used 6766K, committed 7232K, reserved 1048576K
}
Event: 23.737 GC heap before
{Heap before GC invocations=211 (full 10):
 PSYoungGen      total 10240K, used 10096K [0x00000000eab00000, 0x00000000eb700000, 0x0000000100000000)
  eden space 8192K, 100% used [0x00000000eab00000,0x00000000eb300000,0x00000000eb300000)
  from space 2048K, 93% used [0x00000000eb500000,0x00000000eb6dc3e8,0x00000000eb700000)
  to   space 2048K, 0% used [0x00000000eb300000,0x00000000eb300000,0x00000000eb500000)
 ParOldGen       total 235520K, used 200430K [0x00000000c0000000, 0x00000000ce600000, 0x00000000eab00000)
  object space 235520K, 85% used [0x00000000c0000000,0x00000000cc3bbbd8,0x00000000ce600000)
 Metaspace       used 64189K, committed 65408K, reserved 1114112K
  class space    used 6767K, committed 7232K, reserved 1048576K
}
Event: 23.740 GC heap after
{Heap after GC invocations=211 (full 10):
 PSYoungGen      total 10240K, used 2016K [0x00000000eab00000, 0x00000000ebb80000, 0x0000000100000000)
  eden space 8192K, 0% used [0x00000000eab00000,0x00000000eab00000,0x00000000eb300000)
  from space 2048K, 98% used [0x00000000eb300000,0x00000000eb4f8098,0x00000000eb500000)
  to   space 4096K, 0% used [0x00000000eb780000,0x00000000eb780000,0x00000000ebb80000)
 ParOldGen       total 235520K, used 202028K [0x00000000c0000000, 0x00000000ce600000, 0x00000000eab00000)
  object space 235520K, 85% used [0x00000000c0000000,0x00000000cc54b180,0x00000000ce600000)
 Metaspace       used 64189K, committed 65408K, reserved 1114112K
  class space    used 6767K, committed 7232K, reserved 1048576K
}
Event: 23.979 GC heap before
{Heap before GC invocations=212 (full 10):
 PSYoungGen      total 10240K, used 10208K [0x00000000eab00000, 0x00000000ebb80000, 0x0000000100000000)
  eden space 8192K, 100% used [0x00000000eab00000,0x00000000eb300000,0x00000000eb300000)
  from space 2048K, 98% used [0x00000000eb300000,0x00000000eb4f8098,0x00000000eb500000)
  to   space 4096K, 0% used [0x00000000eb780000,0x00000000eb780000,0x00000000ebb80000)
 ParOldGen       total 235520K, used 202028K [0x00000000c0000000, 0x00000000ce600000, 0x00000000eab00000)
  object space 235520K, 85% used [0x00000000c0000000,0x00000000cc54b180,0x00000000ce600000)
 Metaspace       used 64310K, committed 65536K, reserved 1114112K
  class space    used 6790K, committed 7296K, reserved 1048576K
}
Event: 23.982 GC heap after
{Heap after GC invocations=212 (full 10):
 PSYoungGen      total 11776K, used 2604K [0x00000000eab00000, 0x00000000eba80000, 0x0000000100000000)
  eden space 8704K, 0% used [0x00000000eab00000,0x00000000eab00000,0x00000000eb380000)
  from space 3072K, 84% used [0x00000000eb780000,0x00000000eba0b120,0x00000000eba80000)
  to   space 3072K, 0% used [0x00000000eb480000,0x00000000eb480000,0x00000000eb780000)
 ParOldGen       total 235520K, used 202976K [0x00000000c0000000, 0x00000000ce600000, 0x00000000eab00000)
  object space 235520K, 86% used [0x00000000c0000000,0x00000000cc638358,0x00000000ce600000)
 Metaspace       used 64310K, committed 65536K, reserved 1114112K
  class space    used 6790K, committed 7296K, reserved 1048576K
}
Event: 24.233 GC heap before
{Heap before GC invocations=213 (full 10):
 PSYoungGen      total 11776K, used 11308K [0x00000000eab00000, 0x00000000eba80000, 0x0000000100000000)
  eden space 8704K, 100% used [0x00000000eab00000,0x00000000eb380000,0x00000000eb380000)
  from space 3072K, 84% used [0x00000000eb780000,0x00000000eba0b120,0x00000000eba80000)
  to   space 3072K, 0% used [0x00000000eb480000,0x00000000eb480000,0x00000000eb780000)
 ParOldGen       total 235520K, used 202976K [0x00000000c0000000, 0x00000000ce600000, 0x00000000eab00000)
  object space 235520K, 86% used [0x00000000c0000000,0x00000000cc638358,0x00000000ce600000)
 Metaspace       used 64452K, committed 65664K, reserved 1114112K
  class space    used 6798K, committed 7296K, reserved 1048576K
}
Event: 24.237 GC heap after
{Heap after GC invocations=213 (full 10):
 PSYoungGen      total 12288K, used 3053K [0x00000000eab00000, 0x00000000ebd00000, 0x0000000100000000)
  eden space 9216K, 0% used [0x00000000eab00000,0x00000000eab00000,0x00000000eb400000)
  from space 3072K, 99% used [0x00000000eb480000,0x00000000eb77b660,0x00000000eb780000)
  to   space 4608K, 0% used [0x00000000eb880000,0x00000000eb880000,0x00000000ebd00000)
 ParOldGen       total 235520K, used 204094K [0x00000000c0000000, 0x00000000ce600000, 0x00000000eab00000)
  object space 235520K, 86% used [0x00000000c0000000,0x00000000cc74f850,0x00000000ce600000)
 Metaspace       used 64452K, committed 65664K, reserved 1114112K
  class space    used 6798K, committed 7296K, reserved 1048576K
}
Event: 24.294 GC heap before
{Heap before GC invocations=214 (full 10):
 PSYoungGen      total 12288K, used 12224K [0x00000000eab00000, 0x00000000ebd00000, 0x0000000100000000)
  eden space 9216K, 99% used [0x00000000eab00000,0x00000000eb3f4c18,0x00000000eb400000)
  from space 3072K, 99% used [0x00000000eb480000,0x00000000eb77b660,0x00000000eb780000)
  to   space 4608K, 0% used [0x00000000eb880000,0x00000000eb880000,0x00000000ebd00000)
 ParOldGen       total 235520K, used 204094K [0x00000000c0000000, 0x00000000ce600000, 0x00000000eab00000)
  object space 235520K, 86% used [0x00000000c0000000,0x00000000cc74f850,0x00000000ce600000)
 Metaspace       used 64620K, committed 65856K, reserved 1114112K
  class space    used 6811K, committed 7296K, reserved 1048576K
}
Event: 24.297 GC heap after
{Heap after GC invocations=214 (full 10):
 PSYoungGen      total 12800K, used 2488K [0x00000000eab00000, 0x00000000ebb80000, 0x0000000100000000)
  eden space 9728K, 0% used [0x00000000eab00000,0x00000000eab00000,0x00000000eb480000)
  from space 3072K, 81% used [0x00000000eb880000,0x00000000ebaee388,0x00000000ebb80000)
  to   space 3584K, 0% used [0x00000000eb480000,0x00000000eb480000,0x00000000eb800000)
 ParOldGen       total 235520K, used 205919K [0x00000000c0000000, 0x00000000ce600000, 0x00000000eab00000)
  object space 235520K, 87% used [0x00000000c0000000,0x00000000cc917e98,0x00000000ce600000)
 Metaspace       used 64620K, committed 65856K, reserved 1114112K
  class space    used 6811K, committed 7296K, reserved 1048576K
}
Event: 24.349 GC heap before
{Heap before GC invocations=215 (full 10):
 PSYoungGen      total 12800K, used 12164K [0x00000000eab00000, 0x00000000ebb80000, 0x0000000100000000)
  eden space 9728K, 99% used [0x00000000eab00000,0x00000000eb473050,0x00000000eb480000)
  from space 3072K, 81% used [0x00000000eb880000,0x00000000ebaee388,0x00000000ebb80000)
  to   space 3584K, 0% used [0x00000000eb480000,0x00000000eb480000,0x00000000eb800000)
 ParOldGen       total 235520K, used 205919K [0x00000000c0000000, 0x00000000ce600000, 0x00000000eab00000)
  object space 235520K, 87% used [0x00000000c0000000,0x00000000cc917e98,0x00000000ce600000)
 Metaspace       used 64635K, committed 65856K, reserved 1114112K
  class space    used 6811K, committed 7296K, reserved 1048576K
}
Event: 24.352 GC heap after
{Heap after GC invocations=215 (full 10):
 PSYoungGen      total 13312K, used 3497K [0x00000000eab00000, 0x00000000ebd00000, 0x0000000100000000)
  eden space 9728K, 0% used [0x00000000eab00000,0x00000000eab00000,0x00000000eb480000)
  from space 3584K, 97% used [0x00000000eb480000,0x00000000eb7ea528,0x00000000eb800000)
  to   space 4096K, 0% used [0x00000000eb900000,0x00000000eb900000,0x00000000ebd00000)
 ParOldGen       total 235520K, used 205919K [0x00000000c0000000, 0x00000000ce600000, 0x00000000eab00000)
  object space 235520K, 87% used [0x00000000c0000000,0x00000000cc917e98,0x00000000ce600000)
 Metaspace       used 64635K, committed 65856K, reserved 1114112K
  class space    used 6811K, committed 7296K, reserved 1048576K
}
Event: 24.379 GC heap before
{Heap before GC invocations=216 (full 10):
 PSYoungGen      total 13312K, used 13092K [0x00000000eab00000, 0x00000000ebd00000, 0x0000000100000000)
  eden space 9728K, 98% used [0x00000000eab00000,0x00000000eb45ee78,0x00000000eb480000)
  from space 3584K, 97% used [0x00000000eb480000,0x00000000eb7ea528,0x00000000eb800000)
  to   space 4096K, 0% used [0x00000000eb900000,0x00000000eb900000,0x00000000ebd00000)
 ParOldGen       total 235520K, used 205919K [0x00000000c0000000, 0x00000000ce600000, 0x00000000eab00000)
  object space 235520K, 87% used [0x00000000c0000000,0x00000000cc917e98,0x00000000ce600000)
 Metaspace       used 64647K, committed 65856K, reserved 1114112K
  class space    used 6811K, committed 7296K, reserved 1048576K
}
Event: 24.381 GC heap after
{Heap after GC invocations=216 (full 10):
 PSYoungGen      total 13824K, used 4065K [0x00000000eab00000, 0x00000000ebe00000, 0x0000000100000000)
  eden space 9728K, 0% used [0x00000000eab00000,0x00000000eab00000,0x00000000eb480000)
  from space 4096K, 99% used [0x00000000eb900000,0x00000000ebcf8438,0x00000000ebd00000)
  to   space 4608K, 0% used [0x00000000eb480000,0x00000000eb480000,0x00000000eb900000)
 ParOldGen       total 235520K, used 205966K [0x00000000c0000000, 0x00000000ce600000, 0x00000000eab00000)
  object space 235520K, 87% used [0x00000000c0000000,0x00000000cc923840,0x00000000ce600000)
 Metaspace       used 64647K, committed 65856K, reserved 1114112K
  class space    used 6811K, committed 7296K, reserved 1048576K
}
Event: 24.403 GC heap before
{Heap before GC invocations=217 (full 10):
 PSYoungGen      total 13824K, used 13761K [0x00000000eab00000, 0x00000000ebe00000, 0x0000000100000000)
  eden space 9728K, 99% used [0x00000000eab00000,0x00000000eb478248,0x00000000eb480000)
  from space 4096K, 99% used [0x00000000eb900000,0x00000000ebcf8438,0x00000000ebd00000)
  to   space 4608K, 0% used [0x00000000eb480000,0x00000000eb480000,0x00000000eb900000)
 ParOldGen       total 235520K, used 205966K [0x00000000c0000000, 0x00000000ce600000, 0x00000000eab00000)
  object space 235520K, 87% used [0x00000000c0000000,0x00000000cc923840,0x00000000ce600000)
 Metaspace       used 64647K, committed 65856K, reserved 1114112K
  class space    used 6811K, committed 7296K, reserved 1048576K
}
Event: 24.406 GC heap after
{Heap after GC invocations=217 (full 10):
 PSYoungGen      total 11776K, used 1768K [0x00000000eab00000, 0x00000000ebb00000, 0x0000000100000000)
  eden space 9728K, 0% used [0x00000000eab00000,0x00000000eab00000,0x00000000eb480000)
  from space 2048K, 86% used [0x00000000eb480000,0x00000000eb63a070,0x00000000eb680000)
  to   space 3072K, 0% used [0x00000000eb800000,0x00000000eb800000,0x00000000ebb00000)
 ParOldGen       total 235520K, used 208284K [0x00000000c0000000, 0x00000000ce600000, 0x00000000eab00000)
  object space 235520K, 88% used [0x00000000c0000000,0x00000000ccb67110,0x00000000ce600000)
 Metaspace       used 64647K, committed 65856K, reserved 1114112K
  class space    used 6811K, committed 7296K, reserved 1048576K
}
Event: 24.443 GC heap before
{Heap before GC invocations=218 (full 10):
 PSYoungGen      total 11776K, used 11496K [0x00000000eab00000, 0x00000000ebb00000, 0x0000000100000000)
  eden space 9728K, 100% used [0x00000000eab00000,0x00000000eb480000,0x00000000eb480000)
  from space 2048K, 86% used [0x00000000eb480000,0x00000000eb63a070,0x00000000eb680000)
  to   space 3072K, 0% used [0x00000000eb800000,0x00000000eb800000,0x00000000ebb00000)
 ParOldGen       total 235520K, used 208284K [0x00000000c0000000, 0x00000000ce600000, 0x00000000eab00000)
  object space 235520K, 88% used [0x00000000c0000000,0x00000000ccb67110,0x00000000ce600000)
 Metaspace       used 64993K, committed 66176K, reserved 1114112K
  class space    used 6838K, committed 7296K, reserved 1048576K
}
Event: 24.445 GC heap after
{Heap after GC invocations=218 (full 10):
 PSYoungGen      total 13312K, used 2504K [0x00000000eab00000, 0x00000000ebb00000, 0x0000000100000000)
  eden space 10240K, 0% used [0x00000000eab00000,0x00000000eab00000,0x00000000eb500000)
  from space 3072K, 81% used [0x00000000eb800000,0x00000000eba720b8,0x00000000ebb00000)
  to   space 3072K, 0% used [0x00000000eb500000,0x00000000eb500000,0x00000000eb800000)
 ParOldGen       total 235520K, used 208284K [0x00000000c0000000, 0x00000000ce600000, 0x00000000eab00000)
  object space 235520K, 88% used [0x00000000c0000000,0x00000000ccb67110,0x00000000ce600000)
 Metaspace       used 64993K, committed 66176K, reserved 1114112K
  class space    used 6838K, committed 7296K, reserved 1048576K
}
Event: 24.499 GC heap before
{Heap before GC invocations=219 (full 10):
 PSYoungGen      total 13312K, used 12744K [0x00000000eab00000, 0x00000000ebb00000, 0x0000000100000000)
  eden space 10240K, 100% used [0x00000000eab00000,0x00000000eb500000,0x00000000eb500000)
  from space 3072K, 81% used [0x00000000eb800000,0x00000000eba720b8,0x00000000ebb00000)
  to   space 3072K, 0% used [0x00000000eb500000,0x00000000eb500000,0x00000000eb800000)
 ParOldGen       total 235520K, used 208284K [0x00000000c0000000, 0x00000000ce600000, 0x00000000eab00000)
  object space 235520K, 88% used [0x00000000c0000000,0x00000000ccb67110,0x00000000ce600000)
 Metaspace       used 65685K, committed 66880K, reserved 1114112K
  class space    used 6911K, committed 7360K, reserved 1048576K
}
Event: 24.502 GC heap after
{Heap after GC invocations=219 (full 10):
 PSYoungGen      total 13312K, used 3067K [0x00000000eab00000, 0x00000000ebb00000, 0x0000000100000000)
  eden space 10240K, 0% used [0x00000000eab00000,0x00000000eab00000,0x00000000eb500000)
  from space 3072K, 99% used [0x00000000eb500000,0x00000000eb7fec88,0x00000000eb800000)
  to   space 3072K, 0% used [0x00000000eb800000,0x00000000eb800000,0x00000000ebb00000)
 ParOldGen       total 235520K, used 209028K [0x00000000c0000000, 0x00000000ce600000, 0x00000000eab00000)
  object space 235520K, 88% used [0x00000000c0000000,0x00000000ccc211f0,0x00000000ce600000)
 Metaspace       used 65685K, committed 66880K, reserved 1114112K
  class space    used 6911K, committed 7360K, reserved 1048576K
}

